ij> --QR
INSERT INTO APP.PROPIEDAD (PROP_CLAVE,PROP_VALOR) VALUES ('SISTEMA.LOCALIDAD.MUNICIPIO','20881');
ERROR 23505: The statement was aborted because it would have caused a duplicate key value in a unique or primary key constraint or unique index identified by 'SQL100307164231900' defined on 'PROPIEDAD'.
ij> INSERT INTO APP.PROPIEDAD (PROP_CLAVE,PROP_VALOR) VALUES ('SISTEMA.DEPARTAMENTO.MUNICIPIO','603');
ERROR 23505: The statement was aborted because it would have caused a duplicate key value in a unique or primary key constraint or unique index identified by 'SQL100307164231900' defined on 'PROPIEDAD'.
ij> INSERT INTO APP.PROPIEDAD (PROP_CLAVE,PROP_VALOR) VALUES ('SISTEMA.PROVINCIA.MUNICIPIO','X');
ERROR 23505: The statement was aborted because it would have caused a duplicate key value in a unique or primary key constraint or unique index identified by 'SQL100307164231900' defined on 'PROPIEDAD'.
ij> INSERT INTO APP.PROPIEDAD (PROP_CLAVE,PROP_VALOR) VALUES ('SISTEMA.PAIZ.MUNICIPIO','ARG');
ERROR 23505: The statement was aborted because it would have caused a duplicate key value in a unique or primary key constraint or unique index identified by 'SQL100307164231900' defined on 'PROPIEDAD'.
ij> --QR


alter table APP.PERSONA ALTER COLUMN PER_TIPO_DOC SET DATA TYPE VARCHAR(200);
0 rows inserted/updated/deleted
ij> alter table APP.PERSONA ADD COLUMN PER_DOM_NRO BIGINT;
ERROR X0Y32: Column 'PER_DOM_NRO' already exists in Table/View '"APP"."PERSONA"'.
ij> alter table APP.PERSONA ADD COLUMN PER_DOM_NRO_PISO BIGINT;
ERROR X0Y32: Column 'PER_DOM_NRO_PISO' already exists in Table/View '"APP"."PERSONA"'.
ij> alter table APP.PERSONA ADD COLUMN PER_DOM_LETRA_DPT VARCHAR(10);
ERROR X0Y32: Column 'PER_DOM_LETRA_DPT' already exists in Table/View '"APP"."PERSONA"'.
ij> alter table APP.PERSONA ADD COLUMN PER_DOM_CODIGO_POSTAL VARCHAR(100);
ERROR X0Y32: Column 'PER_DOM_CODIGO_POSTAL' already exists in Table/View '"APP"."PERSONA"'.
ij> alter table APP.PERSONA ADD COLUMN PER_DOM_BARRIO VARCHAR(200);
ERROR X0Y32: Column 'PER_DOM_BARRIO' already exists in Table/View '"APP"."PERSONA"'.
ij> alter table APP.PERSONA ADD COLUMN PER_DOM_PAIS VARCHAR(20);
ERROR X0Y32: Column 'PER_DOM_PAIS' already exists in Table/View '"APP"."PERSONA"'.
ij> alter table APP.PERSONA ADD COLUMN PER_DOM_PROVINCIA VARCHAR(200);
ERROR X0Y32: Column 'PER_DOM_PROVINCIA' already exists in Table/View '"APP"."PERSONA"'.
ij> alter table APP.PERSONA ADD COLUMN PER_DOM_DEPARTAMENTO VARCHAR(200);
ERROR X0Y32: Column 'PER_DOM_DEPARTAMENTO' already exists in Table/View '"APP"."PERSONA"'.
ij> alter table APP.PERSONA ADD COLUMN PER_DOM_LOCALIDAD VARCHAR(200);
ERROR X0Y32: Column 'PER_DOM_LOCALIDAD' already exists in Table/View '"APP"."PERSONA"'.
ij> alter table APP.CARNET_LICENCIAS ADD COLUMN PER_DOM_LOCALIDAD VARCHAR(200);
ERROR X0Y32: Column 'PER_DOM_LOCALIDAD' already exists in Table/View '"APP"."CARNET_LICENCIAS"'.
ij> alter table APP.CARNET_LICENCIAS ADD COLUMN PER_DOM_NRO BIGINT;
ERROR X0Y32: Column 'PER_DOM_NRO' already exists in Table/View '"APP"."CARNET_LICENCIAS"'.
ij> alter table APP.CARNET_LICENCIAS ADD COLUMN CODIGO_SEGURIDAD BIGINT;
ERROR X0Y32: Column 'CODIGO_SEGURIDAD' already exists in Table/View '"APP"."CARNET_LICENCIAS"'.
ij> alter table APP.CARNET_LICENCIAS ADD COLUMN PER_SEXO VARCHAR(2);
ERROR X0Y32: Column 'PER_SEXO' already exists in Table/View '"APP"."CARNET_LICENCIAS"'.
ij> alter table APP.CARNET_LICENCIAS ADD COLUMN PER_DOM_NRO_PISO BIGINT;
ERROR X0Y32: Column 'PER_DOM_NRO_PISO' already exists in Table/View '"APP"."CARNET_LICENCIAS"'.
ij> alter table APP.CARNET_LICENCIAS ADD COLUMN PER_DOM_LETRA_DPT VARCHAR(10);
ERROR X0Y32: Column 'PER_DOM_LETRA_DPT' already exists in Table/View '"APP"."CARNET_LICENCIAS"'.
ij> alter table APP.CARNET_LICENCIAS ADD COLUMN PER_DOM_CODIGO_POSTAL VARCHAR(100);
ERROR X0Y32: Column 'PER_DOM_CODIGO_POSTAL' already exists in Table/View '"APP"."CARNET_LICENCIAS"'.
ij> alter table APP.CARNET_LICENCIAS ADD COLUMN PER_DOM_BARRIO VARCHAR(200);
ERROR X0Y32: Column 'PER_DOM_BARRIO' already exists in Table/View '"APP"."CARNET_LICENCIAS"'.
ij> alter table APP.CARNET_LICENCIAS ADD COLUMN PER_DOM_PAIS VARCHAR(20);
ERROR X0Y32: Column 'PER_DOM_PAIS' already exists in Table/View '"APP"."CARNET_LICENCIAS"'.
ij> alter table APP.CARNET_LICENCIAS ADD COLUMN PER_DOM_PROVINCIA VARCHAR(200);
ERROR X0Y32: Column 'PER_DOM_PROVINCIA' already exists in Table/View '"APP"."CARNET_LICENCIAS"'.
ij> alter table APP.CARNET_LICENCIAS ADD COLUMN PER_DOM_DEPARTAMENTO VARCHAR(200);
ERROR X0Y32: Column 'PER_DOM_DEPARTAMENTO' already exists in Table/View '"APP"."CARNET_LICENCIAS"'.
ij> alter table APP.CARNET_LICENCIAS ADD COLUMN MUN_DOM_PAIS VARCHAR(20);
ERROR X0Y32: Column 'MUN_DOM_PAIS' already exists in Table/View '"APP"."CARNET_LICENCIAS"'.
ij> alter table APP.CARNET_LICENCIAS ADD COLUMN MUN_DOM_PROVINCIA VARCHAR(200);
ERROR X0Y32: Column 'MUN_DOM_PROVINCIA' already exists in Table/View '"APP"."CARNET_LICENCIAS"'.
ij> alter table APP.CARNET_LICENCIAS ADD COLUMN MUN_DOM_DEPARTAMENTO VARCHAR(200);
ERROR X0Y32: Column 'MUN_DOM_DEPARTAMENTO' already exists in Table/View '"APP"."CARNET_LICENCIAS"'.
ij> alter table APP.CARNET_LICENCIAS ADD COLUMN MUN_DOM_LOCALIDAD VARCHAR(200);
ERROR X0Y32: Column 'MUN_DOM_LOCALIDAD' already exists in Table/View '"APP"."CARNET_LICENCIAS"'.
ij> alter table APP.CARNET_LICENCIAS ADD COLUMN DATOS_QR VARCHAR(4000);
ERROR X0Y32: Column 'DATOS_QR' already exists in Table/View '"APP"."CARNET_LICENCIAS"'.
ij> alter table APP.CARNET_LICENCIAS ADD COLUMN QR BLOB;
ERROR X0Y32: Column 'QR' already exists in Table/View '"APP"."CARNET_LICENCIAS"'.
ij> delete from APP.DOMINIO where DOM_CLAVE ='Sexo';
2 rows inserted/updated/deleted
ij> INSERT INTO APP.DOMINIO (DOM_TIPO,DOM_CLAVE,DOM_CODIGO,DOM_VALOR_MOSTRAR,DOM_DESCRIPCION)  VALUES ('GRAL','Sexo','1','MASCULINO','MASCULINO');
1 row inserted/updated/deleted
ij> INSERT INTO APP.DOMINIO (DOM_TIPO,DOM_CLAVE,DOM_CODIGO,DOM_VALOR_MOSTRAR,DOM_DESCRIPCION)  VALUES ('GRAL','Sexo','2','FEMENINO','FEMENINO');
1 row inserted/updated/deleted
ij> /*
--NUEVO
INSERT INTO APP.DOMINIO (DOM_TIPO,DOM_CLAVE,DOM_CODIGO,DOM_VALOR_MOSTRAR,DOM_DESCRIPCION)  VALUES ('GRAL','Alergico','S','SI','SI');
INSERT INTO APP.DOMINIO (DOM_TIPO,DOM_CLAVE,DOM_CODIGO,DOM_VALOR_MOSTRAR,DOM_DESCRIPCION)  VALUES ('GRAL','Alergico','N','NO','NO');

--NUEVO
INSERT INTO APP.DOMINIO (DOM_TIPO,DOM_CLAVE,DOM_CODIGO,DOM_VALOR_MOSTRAR,DOM_DESCRIPCION)  VALUES ('GRAL','Medicacion','S','SI','SI');
INSERT INTO APP.DOMINIO (DOM_TIPO,DOM_CLAVE,DOM_CODIGO,DOM_VALOR_MOSTRAR,DOM_DESCRIPCION)  VALUES ('GRAL','Medicacion','N','NO','NO');
*/
delete from APP.DOMINIO where DOM_CLAVE ='Donante';
2 rows inserted/updated/deleted
ij> INSERT INTO APP.DOMINIO (DOM_TIPO,DOM_CLAVE,DOM_CODIGO,DOM_VALOR_MOSTRAR,DOM_DESCRIPCION)  VALUES ('GRAL','Donante','S','SI','SI');
1 row inserted/updated/deleted
ij> INSERT INTO APP.DOMINIO (DOM_TIPO,DOM_CLAVE,DOM_CODIGO,DOM_VALOR_MOSTRAR,DOM_DESCRIPCION)  VALUES ('GRAL','Donante','N','NO','SI');
1 row inserted/updated/deleted
ij> delete from APP.DOMINIO where DOM_CLAVE ='Tipo Documento';
45 rows inserted/updated/deleted
ij> INSERT INTO APP.DOMINIO (DOM_TIPO,DOM_CLAVE,DOM_CODIGO,DOM_VALOR_MOSTRAR,DOM_DESCRIPCION)  VALUES ('GRAL','Tipo Documento','CAP-Cedula de Capital','Cedula de Capital','Cedula de Capital');
1 row inserted/updated/deleted
ij> INSERT INTO APP.DOMINIO (DOM_TIPO,DOM_CLAVE,DOM_CODIGO,DOM_VALOR_MOSTRAR,DOM_DESCRIPCION)  VALUES ('GRAL','Tipo Documento','CBSA-Cedula de BS. AS','Cedula de BS. AS','Cedula de BS. AS');
1 row inserted/updated/deleted
ij> INSERT INTO APP.DOMINIO (DOM_TIPO,DOM_CLAVE,DOM_CODIGO,DOM_VALOR_MOSTRAR,DOM_DESCRIPCION)  VALUES ('GRAL','Tipo Documento','CCAT-Cedula de Catamarca','Cedula de Catamarca','Cedula de Catamarca');
1 row inserted/updated/deleted
ij> INSERT INTO APP.DOMINIO (DOM_TIPO,DOM_CLAVE,DOM_CODIGO,DOM_VALOR_MOSTRAR,DOM_DESCRIPCION)  VALUES ('GRAL','Tipo Documento','CCBA-Cedula de Cordoba','Cedula de Cordoba','Cedula de Cordoba');
1 row inserted/updated/deleted
ij> INSERT INTO APP.DOMINIO (DOM_TIPO,DOM_CLAVE,DOM_CODIGO,DOM_VALOR_MOSTRAR,DOM_DESCRIPCION)  VALUES ('GRAL','Tipo Documento','CCHA-Cedula de Chaco','Cedula de Chaco','Cedula de Chaco');
1 row inserted/updated/deleted
ij> INSERT INTO APP.DOMINIO (DOM_TIPO,DOM_CLAVE,DOM_CODIGO,DOM_VALOR_MOSTRAR,DOM_DESCRIPCION)  VALUES ('GRAL','Tipo Documento','CCHB-Cedula de Chubut','Cedula de Chubut','Cedula de Chubut');
1 row inserted/updated/deleted
ij> INSERT INTO APP.DOMINIO (DOM_TIPO,DOM_CLAVE,DOM_CODIGO,DOM_VALOR_MOSTRAR,DOM_DESCRIPCION)  VALUES ('GRAL','Tipo Documento','CCRS-Cedula de Corrientes','Cedula de Corrientes','Cedula de Corrientes');
1 row inserted/updated/deleted
ij> INSERT INTO APP.DOMINIO (DOM_TIPO,DOM_CLAVE,DOM_CODIGO,DOM_VALOR_MOSTRAR,DOM_DESCRIPCION)  VALUES ('GRAL','Tipo Documento','CE-Cedula ident. Extranjera','Cedula ident. Extranjera','Cedula ident. Extranjera');
1 row inserted/updated/deleted
ij> INSERT INTO APP.DOMINIO (DOM_TIPO,DOM_CLAVE,DOM_CODIGO,DOM_VALOR_MOSTRAR,DOM_DESCRIPCION)  VALUES ('GRAL','Tipo Documento','CERI-Cedula de  Entre Rios','Cedula de  Entre Rios','Cedula de  Entre Rios');
1 row inserted/updated/deleted
ij> INSERT INTO APP.DOMINIO (DOM_TIPO,DOM_CLAVE,DOM_CODIGO,DOM_VALOR_MOSTRAR,DOM_DESCRIPCION)  VALUES ('GRAL','Tipo Documento','CF-Cedula Federal','Cedula Federal','Cedula Federal');
1 row inserted/updated/deleted
ij> INSERT INTO APP.DOMINIO (DOM_TIPO,DOM_CLAVE,DOM_CODIGO,DOM_VALOR_MOSTRAR,DOM_DESCRIPCION)  VALUES ('GRAL','Tipo Documento','CFOR-Cedula de  Formosa','Cedula de  Formosa','Cedula de  Formosa');
1 row inserted/updated/deleted
ij> INSERT INTO APP.DOMINIO (DOM_TIPO,DOM_CLAVE,DOM_CODIGO,DOM_VALOR_MOSTRAR,DOM_DESCRIPCION)  VALUES ('GRAL','Tipo Documento','CID-Cedula de Identidad (no identifica provincia)','Cedula de Identidad (no identifica provincia)','Cedula de Identidad (no identifica provincia)');
1 row inserted/updated/deleted
ij> INSERT INTO APP.DOMINIO (DOM_TIPO,DOM_CLAVE,DOM_CODIGO,DOM_VALOR_MOSTRAR,DOM_DESCRIPCION)  VALUES ('GRAL','Tipo Documento','CIS-Cedula Identidad Sudamericana','Cedula Identidad Sudamericana','Cedula Identidad Sudamericana');
1 row inserted/updated/deleted
ij> INSERT INTO APP.DOMINIO (DOM_TIPO,DOM_CLAVE,DOM_CODIGO,DOM_VALOR_MOSTRAR,DOM_DESCRIPCION)  VALUES ('GRAL','Tipo Documento','CJUJ-Cedula de  Jujuy','Cedula de  Jujuy','Cedula de  Jujuy');
1 row inserted/updated/deleted
ij> INSERT INTO APP.DOMINIO (DOM_TIPO,DOM_CLAVE,DOM_CODIGO,DOM_VALOR_MOSTRAR,DOM_DESCRIPCION)  VALUES ('GRAL','Tipo Documento','CLPA-Cedula de  La Pampa','Cedula de  La Pampa','Cedula de  La Pampa');
1 row inserted/updated/deleted
ij> INSERT INTO APP.DOMINIO (DOM_TIPO,DOM_CLAVE,DOM_CODIGO,DOM_VALOR_MOSTRAR,DOM_DESCRIPCION)  VALUES ('GRAL','Tipo Documento','CLRI-Cedula de  La Rioja','Cedula de  La Rioja','Cedula de  La Rioja');
1 row inserted/updated/deleted
ij> INSERT INTO APP.DOMINIO (DOM_TIPO,DOM_CLAVE,DOM_CODIGO,DOM_VALOR_MOSTRAR,DOM_DESCRIPCION)  VALUES ('GRAL','Tipo Documento','CM-Certificado Migratorio','Certificado Migratorio','Certificado Migratorio');
1 row inserted/updated/deleted
ij> INSERT INTO APP.DOMINIO (DOM_TIPO,DOM_CLAVE,DOM_CODIGO,DOM_VALOR_MOSTRAR,DOM_DESCRIPCION)  VALUES ('GRAL','Tipo Documento','CMIS-Cedula de  Misiones','Cedula de  Misiones','Cedula de  Misiones');
1 row inserted/updated/deleted
ij> INSERT INTO APP.DOMINIO (DOM_TIPO,DOM_CLAVE,DOM_CODIGO,DOM_VALOR_MOSTRAR,DOM_DESCRIPCION)  VALUES ('GRAL','Tipo Documento','CMZA-Cedula de  Mendoza','Cedula de  Mendoza','Cedula de  Mendoza');
1 row inserted/updated/deleted
ij> INSERT INTO APP.DOMINIO (DOM_TIPO,DOM_CLAVE,DOM_CODIGO,DOM_VALOR_MOSTRAR,DOM_DESCRIPCION)  VALUES ('GRAL','Tipo Documento','CNEU-Cedula de  Neuquen','Cedula de  Neuquen','Cedula de  Neuquen');
1 row inserted/updated/deleted
ij> INSERT INTO APP.DOMINIO (DOM_TIPO,DOM_CLAVE,DOM_CODIGO,DOM_VALOR_MOSTRAR,DOM_DESCRIPCION)  VALUES ('GRAL','Tipo Documento','CRNO-Cedula de  Rio Negro','Cedula de  Rio Negro','Cedula de  Rio Negro');
1 row inserted/updated/deleted
ij> INSERT INTO APP.DOMINIO (DOM_TIPO,DOM_CLAVE,DOM_CODIGO,DOM_VALOR_MOSTRAR,DOM_DESCRIPCION)  VALUES ('GRAL','Tipo Documento','CSAL-Cedula de  Salta','Cedula de  Salta','Cedula de  Salta');
1 row inserted/updated/deleted
ij> INSERT INTO APP.DOMINIO (DOM_TIPO,DOM_CLAVE,DOM_CODIGO,DOM_VALOR_MOSTRAR,DOM_DESCRIPCION)  VALUES ('GRAL','Tipo Documento','CSCZ-Cedula de  Santa Cruz','Cedula de  Santa Cruz','Cedula de  Santa Cruz');
1 row inserted/updated/deleted
ij> INSERT INTO APP.DOMINIO (DOM_TIPO,DOM_CLAVE,DOM_CODIGO,DOM_VALOR_MOSTRAR,DOM_DESCRIPCION)  VALUES ('GRAL','Tipo Documento','CSFE-Cedula de  Santa Fe','Cedula de  Santa Fe','Cedula de  Santa Fe');
1 row inserted/updated/deleted
ij> INSERT INTO APP.DOMINIO (DOM_TIPO,DOM_CLAVE,DOM_CODIGO,DOM_VALOR_MOSTRAR,DOM_DESCRIPCION)  VALUES ('GRAL','Tipo Documento','CSGO-Cedula de  Santiago del Estero','Cedula de  Santiago del Estero','Cedula de  Santiago del Estero');
1 row inserted/updated/deleted
ij> INSERT INTO APP.DOMINIO (DOM_TIPO,DOM_CLAVE,DOM_CODIGO,DOM_VALOR_MOSTRAR,DOM_DESCRIPCION)  VALUES ('GRAL','Tipo Documento','CSJN-Cedula de  San Juan','Cedula de  San Juan','Cedula de  San Juan');
1 row inserted/updated/deleted
ij> INSERT INTO APP.DOMINIO (DOM_TIPO,DOM_CLAVE,DOM_CODIGO,DOM_VALOR_MOSTRAR,DOM_DESCRIPCION)  VALUES ('GRAL','Tipo Documento','CSLU-Cedula de  San Luis','Cedula de  San Luis','Cedula de  San Luis');
1 row inserted/updated/deleted
ij> INSERT INTO APP.DOMINIO (DOM_TIPO,DOM_CLAVE,DOM_CODIGO,DOM_VALOR_MOSTRAR,DOM_DESCRIPCION)  VALUES ('GRAL','Tipo Documento','CTRF-Cedula de  Tierra del Fuego','Cedula de  Tierra del Fuego','Cedula de  Tierra del Fuego');
1 row inserted/updated/deleted
ij> INSERT INTO APP.DOMINIO (DOM_TIPO,DOM_CLAVE,DOM_CODIGO,DOM_VALOR_MOSTRAR,DOM_DESCRIPCION)  VALUES ('GRAL','Tipo Documento','CTUC-Cedula de  Tucuman','Cedula de  Tucuman','Cedula de  Tucuman');
1 row inserted/updated/deleted
ij> INSERT INTO APP.DOMINIO (DOM_TIPO,DOM_CLAVE,DOM_CODIGO,DOM_VALOR_MOSTRAR,DOM_DESCRIPCION)  VALUES ('GRAL','Tipo Documento','CUIL-CUIL','CUIL','CUIL');
1 row inserted/updated/deleted
ij> INSERT INTO APP.DOMINIO (DOM_TIPO,DOM_CLAVE,DOM_CODIGO,DOM_VALOR_MOSTRAR,DOM_DESCRIPCION)  VALUES ('GRAL','Tipo Documento','DE-Documento Extranjero','Documento Extranjero','Documento Extranjero');
1 row inserted/updated/deleted
ij> INSERT INTO APP.DOMINIO (DOM_TIPO,DOM_CLAVE,DOM_CODIGO,DOM_VALOR_MOSTRAR,DOM_DESCRIPCION)  VALUES ('GRAL','Tipo Documento','DNI-DNI','DNI','DNI');
1 row inserted/updated/deleted
ij> INSERT INTO APP.DOMINIO (DOM_TIPO,DOM_CLAVE,DOM_CODIGO,DOM_VALOR_MOSTRAR,DOM_DESCRIPCION)  VALUES ('GRAL','Tipo Documento','DNIM-DNI (número múltiple)','DNI (número múltiple)','DNI (número múltiple)');
1 row inserted/updated/deleted
ij> INSERT INTO APP.DOMINIO (DOM_TIPO,DOM_CLAVE,DOM_CODIGO,DOM_VALOR_MOSTRAR,DOM_DESCRIPCION)  VALUES ('GRAL','Tipo Documento','DNRP-DNRP','DNRP','DNRP');
1 row inserted/updated/deleted
ij> INSERT INTO APP.DOMINIO (DOM_TIPO,DOM_CLAVE,DOM_CODIGO,DOM_VALOR_MOSTRAR,DOM_DESCRIPCION)  VALUES ('GRAL','Tipo Documento','ECP-Extranjero con Cret. de policia','Extranjero con Cret. de policia','Extranjero con Cret. de policia');
1 row inserted/updated/deleted
ij> INSERT INTO APP.DOMINIO (DOM_TIPO,DOM_CLAVE,DOM_CODIGO,DOM_VALOR_MOSTRAR,DOM_DESCRIPCION)  VALUES ('GRAL','Tipo Documento','EI-Extranjero Indocumentado','Extranjero Indocumentado','Extranjero Indocumentado');
1 row inserted/updated/deleted
ij> INSERT INTO APP.DOMINIO (DOM_TIPO,DOM_CLAVE,DOM_CODIGO,DOM_VALOR_MOSTRAR,DOM_DESCRIPCION)  VALUES ('GRAL','Tipo Documento','ET-En Tramite','En Tramite','En Tramite');
1 row inserted/updated/deleted
ij> INSERT INTO APP.DOMINIO (DOM_TIPO,DOM_CLAVE,DOM_CODIGO,DOM_VALOR_MOSTRAR,DOM_DESCRIPCION)  VALUES ('GRAL','Tipo Documento','GI-Generado Internamente Indocumentado','Generado Internamente Indocumentado','Generado Internamente Indocumentado');
1 row inserted/updated/deleted
ij> INSERT INTO APP.DOMINIO (DOM_TIPO,DOM_CLAVE,DOM_CODIGO,DOM_VALOR_MOSTRAR,DOM_DESCRIPCION)  VALUES ('GRAL','Tipo Documento','GI-Generado Internamente Recien Nacido','Generado Internamente Recien Nacido','Generado Internamente Recien Nacido');
1 row inserted/updated/deleted
ij> INSERT INTO APP.DOMINIO (DOM_TIPO,DOM_CLAVE,DOM_CODIGO,DOM_VALOR_MOSTRAR,DOM_DESCRIPCION)  VALUES ('GRAL','Tipo Documento','INDE-Indeterminado','Indeterminado','Indeterminado');
1 row inserted/updated/deleted
ij> INSERT INTO APP.DOMINIO (DOM_TIPO,DOM_CLAVE,DOM_CODIGO,DOM_VALOR_MOSTRAR,DOM_DESCRIPCION)  VALUES ('GRAL','Tipo Documento','LC-Libreta Civica','Libreta Civica','Libreta Civica');
1 row inserted/updated/deleted
ij> INSERT INTO APP.DOMINIO (DOM_TIPO,DOM_CLAVE,DOM_CODIGO,DOM_VALOR_MOSTRAR,DOM_DESCRIPCION)  VALUES ('GRAL','Tipo Documento','LEN-Libreta de Enrolamiento','Libreta de Enrolamiento','Libreta de Enrolamiento');
1 row inserted/updated/deleted
ij> INSERT INTO APP.DOMINIO (DOM_TIPO,DOM_CLAVE,DOM_CODIGO,DOM_VALOR_MOSTRAR,DOM_DESCRIPCION)  VALUES ('GRAL','Tipo Documento','MI-Matricula Individual','Matricula Individual','Matricula Individual');
1 row inserted/updated/deleted
ij> INSERT INTO APP.DOMINIO (DOM_TIPO,DOM_CLAVE,DOM_CODIGO,DOM_VALOR_MOSTRAR,DOM_DESCRIPCION)  VALUES ('GRAL','Tipo Documento','NE-Nros. Especiales','Nros. Especiales','Nros. Especiales');
1 row inserted/updated/deleted
ij> INSERT INTO APP.DOMINIO (DOM_TIPO,DOM_CLAVE,DOM_CODIGO,DOM_VALOR_MOSTRAR,DOM_DESCRIPCION)  VALUES ('GRAL','Tipo Documento','PSP-Pasaporte','Pasaporte','Pasaporte');
1 row inserted/updated/deleted
ij> /*INSERT INTO APP.DOMINIO (DOM_TIPO,DOM_CLAVE,DOM_CODIGO,DOM_VALOR_MOSTRAR,DOM_DESCRIPCION)  VALUES ('GRAL','Tipo Documento','PSP-ALEMANIA OCCIDENTAL','ALEMANIA OCCIDENTAL','ALEMANIA OCCIDENTAL');
INSERT INTO APP.DOMINIO (DOM_TIPO,DOM_CLAVE,DOM_CODIGO,DOM_VALOR_MOSTRAR,DOM_DESCRIPCION)  VALUES ('GRAL','Tipo Documento','PSP-ALEMANIA ORIENTAL','ALEMANIA ORIENTAL','ALEMANIA ORIENTAL');
INSERT INTO APP.DOMINIO (DOM_TIPO,DOM_CLAVE,DOM_CODIGO,DOM_VALOR_MOSTRAR,DOM_DESCRIPCION)  VALUES ('GRAL','Tipo Documento','PSP-ARABIA','ARABIA','ARABIA');
INSERT INTO APP.DOMINIO (DOM_TIPO,DOM_CLAVE,DOM_CODIGO,DOM_VALOR_MOSTRAR,DOM_DESCRIPCION)  VALUES ('GRAL','Tipo Documento','PSP-ARMENIA','ARMENIA','ARMENIA');
INSERT INTO APP.DOMINIO (DOM_TIPO,DOM_CLAVE,DOM_CODIGO,DOM_VALOR_MOSTRAR,DOM_DESCRIPCION)  VALUES ('GRAL','Tipo Documento','PSP-AUSTRALIA','AUSTRALIA','AUSTRALIA');
INSERT INTO APP.DOMINIO (DOM_TIPO,DOM_CLAVE,DOM_CODIGO,DOM_VALOR_MOSTRAR,DOM_DESCRIPCION)  VALUES ('GRAL','Tipo Documento','PSP-AUSTRIA','AUSTRIA','AUSTRIA');
INSERT INTO APP.DOMINIO (DOM_TIPO,DOM_CLAVE,DOM_CODIGO,DOM_VALOR_MOSTRAR,DOM_DESCRIPCION)  VALUES ('GRAL','Tipo Documento','PSP-BANGLADESH','BANGLADESH','BANGLADESH');
INSERT INTO APP.DOMINIO (DOM_TIPO,DOM_CLAVE,DOM_CODIGO,DOM_VALOR_MOSTRAR,DOM_DESCRIPCION)  VALUES ('GRAL','Tipo Documento','PSP-BELGICA','BELGICA','BELGICA');
INSERT INTO APP.DOMINIO (DOM_TIPO,DOM_CLAVE,DOM_CODIGO,DOM_VALOR_MOSTRAR,DOM_DESCRIPCION)  VALUES ('GRAL','Tipo Documento','PSP-BIRMANIA','BIRMANIA','BIRMANIA');
INSERT INTO APP.DOMINIO (DOM_TIPO,DOM_CLAVE,DOM_CODIGO,DOM_VALOR_MOSTRAR,DOM_DESCRIPCION)  VALUES ('GRAL','Tipo Documento','PSP-BOLIVIA','BOLIVIA','BOLIVIA');
INSERT INTO APP.DOMINIO (DOM_TIPO,DOM_CLAVE,DOM_CODIGO,DOM_VALOR_MOSTRAR,DOM_DESCRIPCION)  VALUES ('GRAL','Tipo Documento','PSP-BRASIL','BRASIL','BRASIL');
INSERT INTO APP.DOMINIO (DOM_TIPO,DOM_CLAVE,DOM_CODIGO,DOM_VALOR_MOSTRAR,DOM_DESCRIPCION)  VALUES ('GRAL','Tipo Documento','PSP-BULGARIA','BULGARIA','BULGARIA');
INSERT INTO APP.DOMINIO (DOM_TIPO,DOM_CLAVE,DOM_CODIGO,DOM_VALOR_MOSTRAR,DOM_DESCRIPCION)  VALUES ('GRAL','Tipo Documento','PSP-CABO VERDE','CABO VERDE','CABO VERDE');
INSERT INTO APP.DOMINIO (DOM_TIPO,DOM_CLAVE,DOM_CODIGO,DOM_VALOR_MOSTRAR,DOM_DESCRIPCION)  VALUES ('GRAL','Tipo Documento','PSP-CANADÁ','CANADÁ','CANADÁ');
INSERT INTO APP.DOMINIO (DOM_TIPO,DOM_CLAVE,DOM_CODIGO,DOM_VALOR_MOSTRAR,DOM_DESCRIPCION)  VALUES ('GRAL','Tipo Documento','PSP-CHECOSLOVAQUIA','CHECOSLOVAQUIA','CHECOSLOVAQUIA');
INSERT INTO APP.DOMINIO (DOM_TIPO,DOM_CLAVE,DOM_CODIGO,DOM_VALOR_MOSTRAR,DOM_DESCRIPCION)  VALUES ('GRAL','Tipo Documento','PSP-CHILE','CHILE','CHILE');
INSERT INTO APP.DOMINIO (DOM_TIPO,DOM_CLAVE,DOM_CODIGO,DOM_VALOR_MOSTRAR,DOM_DESCRIPCION)  VALUES ('GRAL','Tipo Documento','PSP-CHINA','CHINA','CHINA');
INSERT INTO APP.DOMINIO (DOM_TIPO,DOM_CLAVE,DOM_CODIGO,DOM_VALOR_MOSTRAR,DOM_DESCRIPCION)  VALUES ('GRAL','Tipo Documento','PSP-CHIPRE','CHIPRE','CHIPRE');
INSERT INTO APP.DOMINIO (DOM_TIPO,DOM_CLAVE,DOM_CODIGO,DOM_VALOR_MOSTRAR,DOM_DESCRIPCION)  VALUES ('GRAL','Tipo Documento','PSP-COLOMBIA','COLOMBIA','COLOMBIA');
INSERT INTO APP.DOMINIO (DOM_TIPO,DOM_CLAVE,DOM_CODIGO,DOM_VALOR_MOSTRAR,DOM_DESCRIPCION)  VALUES ('GRAL','Tipo Documento','PSP-COREA','COREA','COREA');
INSERT INTO APP.DOMINIO (DOM_TIPO,DOM_CLAVE,DOM_CODIGO,DOM_VALOR_MOSTRAR,DOM_DESCRIPCION)  VALUES ('GRAL','Tipo Documento','PSP-COREA DEL SUR','COREA DEL SUR','COREA DEL SUR');
INSERT INTO APP.DOMINIO (DOM_TIPO,DOM_CLAVE,DOM_CODIGO,DOM_VALOR_MOSTRAR,DOM_DESCRIPCION)  VALUES ('GRAL','Tipo Documento','PSP-COSTA DE MARFIL','COSTA DE MARFIL','COSTA DE MARFIL');
INSERT INTO APP.DOMINIO (DOM_TIPO,DOM_CLAVE,DOM_CODIGO,DOM_VALOR_MOSTRAR,DOM_DESCRIPCION)  VALUES ('GRAL','Tipo Documento','PSP-COSTA RICA','COSTA RICA','COSTA RICA');
INSERT INTO APP.DOMINIO (DOM_TIPO,DOM_CLAVE,DOM_CODIGO,DOM_VALOR_MOSTRAR,DOM_DESCRIPCION)  VALUES ('GRAL','Tipo Documento','PSP-CROACIA','CROACIA','CROACIA');
INSERT INTO APP.DOMINIO (DOM_TIPO,DOM_CLAVE,DOM_CODIGO,DOM_VALOR_MOSTRAR,DOM_DESCRIPCION)  VALUES ('GRAL','Tipo Documento','PSP-CUBA','CUBA','CUBA');
INSERT INTO APP.DOMINIO (DOM_TIPO,DOM_CLAVE,DOM_CODIGO,DOM_VALOR_MOSTRAR,DOM_DESCRIPCION)  VALUES ('GRAL','Tipo Documento','PSP-DINAMARCA','DINAMARCA','DINAMARCA');
INSERT INTO APP.DOMINIO (DOM_TIPO,DOM_CLAVE,DOM_CODIGO,DOM_VALOR_MOSTRAR,DOM_DESCRIPCION)  VALUES ('GRAL','Tipo Documento','PSP-ECUADOR','ECUADOR','ECUADOR');
INSERT INTO APP.DOMINIO (DOM_TIPO,DOM_CLAVE,DOM_CODIGO,DOM_VALOR_MOSTRAR,DOM_DESCRIPCION)  VALUES ('GRAL','Tipo Documento','PSP-EGIPTO','EGIPTO','EGIPTO');
INSERT INTO APP.DOMINIO (DOM_TIPO,DOM_CLAVE,DOM_CODIGO,DOM_VALOR_MOSTRAR,DOM_DESCRIPCION)  VALUES ('GRAL','Tipo Documento','PSP-EL SALVADOR','EL SALVADOR','EL SALVADOR');
INSERT INTO APP.DOMINIO (DOM_TIPO,DOM_CLAVE,DOM_CODIGO,DOM_VALOR_MOSTRAR,DOM_DESCRIPCION)  VALUES ('GRAL','Tipo Documento','PSP-ESCOCIA','ESCOCIA','ESCOCIA');
INSERT INTO APP.DOMINIO (DOM_TIPO,DOM_CLAVE,DOM_CODIGO,DOM_VALOR_MOSTRAR,DOM_DESCRIPCION)  VALUES ('GRAL','Tipo Documento','PSP-ESPAÑA','ESPAÑA','ESPAÑA');
INSERT INTO APP.DOMINIO (DOM_TIPO,DOM_CLAVE,DOM_CODIGO,DOM_VALOR_MOSTRAR,DOM_DESCRIPCION)  VALUES ('GRAL','Tipo Documento','PSP-ESTADOS UNIDOS','ESTADOS UNIDOS','ESTADOS UNIDOS');
INSERT INTO APP.DOMINIO (DOM_TIPO,DOM_CLAVE,DOM_CODIGO,DOM_VALOR_MOSTRAR,DOM_DESCRIPCION)  VALUES ('GRAL','Tipo Documento','PSP-ESTONIA','ESTONIA','ESTONIA');
INSERT INTO APP.DOMINIO (DOM_TIPO,DOM_CLAVE,DOM_CODIGO,DOM_VALOR_MOSTRAR,DOM_DESCRIPCION)  VALUES ('GRAL','Tipo Documento','PSP-ETIOPÍA','ETIOPÍA','ETIOPÍA');
INSERT INTO APP.DOMINIO (DOM_TIPO,DOM_CLAVE,DOM_CODIGO,DOM_VALOR_MOSTRAR,DOM_DESCRIPCION)  VALUES ('GRAL','Tipo Documento','PSP-FILIPINAS','FILIPINAS','FILIPINAS');
INSERT INTO APP.DOMINIO (DOM_TIPO,DOM_CLAVE,DOM_CODIGO,DOM_VALOR_MOSTRAR,DOM_DESCRIPCION)  VALUES ('GRAL','Tipo Documento','PSP-FINLANDIA','FINLANDIA','FINLANDIA');
INSERT INTO APP.DOMINIO (DOM_TIPO,DOM_CLAVE,DOM_CODIGO,DOM_VALOR_MOSTRAR,DOM_DESCRIPCION)  VALUES ('GRAL','Tipo Documento','PSP-FORMOSA','FORMOSA','FORMOSA');
INSERT INTO APP.DOMINIO (DOM_TIPO,DOM_CLAVE,DOM_CODIGO,DOM_VALOR_MOSTRAR,DOM_DESCRIPCION)  VALUES ('GRAL','Tipo Documento','PSP-FRANCIA','FRANCIA','FRANCIA');
INSERT INTO APP.DOMINIO (DOM_TIPO,DOM_CLAVE,DOM_CODIGO,DOM_VALOR_MOSTRAR,DOM_DESCRIPCION)  VALUES ('GRAL','Tipo Documento','PSP-GHANA','GHANA','GHANA');
INSERT INTO APP.DOMINIO (DOM_TIPO,DOM_CLAVE,DOM_CODIGO,DOM_VALOR_MOSTRAR,DOM_DESCRIPCION)  VALUES ('GRAL','Tipo Documento','PSP-GRAN BRETAÑA','GRAN BRETAÑA','GRAN BRETAÑA');
INSERT INTO APP.DOMINIO (DOM_TIPO,DOM_CLAVE,DOM_CODIGO,DOM_VALOR_MOSTRAR,DOM_DESCRIPCION)  VALUES ('GRAL','Tipo Documento','PSP-GRECIA','GRECIA','GRECIA');
INSERT INTO APP.DOMINIO (DOM_TIPO,DOM_CLAVE,DOM_CODIGO,DOM_VALOR_MOSTRAR,DOM_DESCRIPCION)  VALUES ('GRAL','Tipo Documento','PSP-GUATEMALA','GUATEMALA','GUATEMALA');
INSERT INTO APP.DOMINIO (DOM_TIPO,DOM_CLAVE,DOM_CODIGO,DOM_VALOR_MOSTRAR,DOM_DESCRIPCION)  VALUES ('GRAL','Tipo Documento','PSP-GUINEA','GUINEA','GUINEA');
INSERT INTO APP.DOMINIO (DOM_TIPO,DOM_CLAVE,DOM_CODIGO,DOM_VALOR_MOSTRAR,DOM_DESCRIPCION)  VALUES ('GRAL','Tipo Documento','PSP-HAITÍ','HAITÍ','HAITÍ');
INSERT INTO APP.DOMINIO (DOM_TIPO,DOM_CLAVE,DOM_CODIGO,DOM_VALOR_MOSTRAR,DOM_DESCRIPCION)  VALUES ('GRAL','Tipo Documento','PSP-HOLANDA','HOLANDA','HOLANDA');
INSERT INTO APP.DOMINIO (DOM_TIPO,DOM_CLAVE,DOM_CODIGO,DOM_VALOR_MOSTRAR,DOM_DESCRIPCION)  VALUES ('GRAL','Tipo Documento','PSP-HONDURAS','HONDURAS','HONDURAS');
INSERT INTO APP.DOMINIO (DOM_TIPO,DOM_CLAVE,DOM_CODIGO,DOM_VALOR_MOSTRAR,DOM_DESCRIPCION)  VALUES ('GRAL','Tipo Documento','PSP-HONG KONG','HONG KONG','HONG KONG');
INSERT INTO APP.DOMINIO (DOM_TIPO,DOM_CLAVE,DOM_CODIGO,DOM_VALOR_MOSTRAR,DOM_DESCRIPCION)  VALUES ('GRAL','Tipo Documento','PSP-HUNGRÍA','HUNGRÍA','HUNGRÍA');
INSERT INTO APP.DOMINIO (DOM_TIPO,DOM_CLAVE,DOM_CODIGO,DOM_VALOR_MOSTRAR,DOM_DESCRIPCION)  VALUES ('GRAL','Tipo Documento','PSP-INDIA','INDIA','INDIA');
INSERT INTO APP.DOMINIO (DOM_TIPO,DOM_CLAVE,DOM_CODIGO,DOM_VALOR_MOSTRAR,DOM_DESCRIPCION)  VALUES ('GRAL','Tipo Documento','PSP-INDONESIA','INDONESIA','INDONESIA');
INSERT INTO APP.DOMINIO (DOM_TIPO,DOM_CLAVE,DOM_CODIGO,DOM_VALOR_MOSTRAR,DOM_DESCRIPCION)  VALUES ('GRAL','Tipo Documento','PSP-INGLATERRA','INGLATERRA','INGLATERRA');
INSERT INTO APP.DOMINIO (DOM_TIPO,DOM_CLAVE,DOM_CODIGO,DOM_VALOR_MOSTRAR,DOM_DESCRIPCION)  VALUES ('GRAL','Tipo Documento','PSP-IRLANDA','IRLANDA','IRLANDA');
INSERT INTO APP.DOMINIO (DOM_TIPO,DOM_CLAVE,DOM_CODIGO,DOM_VALOR_MOSTRAR,DOM_DESCRIPCION)  VALUES ('GRAL','Tipo Documento','PSP-IRÁN','IRÁN','IRÁN');
INSERT INTO APP.DOMINIO (DOM_TIPO,DOM_CLAVE,DOM_CODIGO,DOM_VALOR_MOSTRAR,DOM_DESCRIPCION)  VALUES ('GRAL','Tipo Documento','PSP-ISRAEL','ISRAEL','ISRAEL');
INSERT INTO APP.DOMINIO (DOM_TIPO,DOM_CLAVE,DOM_CODIGO,DOM_VALOR_MOSTRAR,DOM_DESCRIPCION)  VALUES ('GRAL','Tipo Documento','PSP-ITALIA','ITALIA','ITALIA');
INSERT INTO APP.DOMINIO (DOM_TIPO,DOM_CLAVE,DOM_CODIGO,DOM_VALOR_MOSTRAR,DOM_DESCRIPCION)  VALUES ('GRAL','Tipo Documento','PSP-JAMAICA','JAMAICA','JAMAICA');
INSERT INTO APP.DOMINIO (DOM_TIPO,DOM_CLAVE,DOM_CODIGO,DOM_VALOR_MOSTRAR,DOM_DESCRIPCION)  VALUES ('GRAL','Tipo Documento','PSP-JAPÓN','JAPÓN','JAPÓN');
INSERT INTO APP.DOMINIO (DOM_TIPO,DOM_CLAVE,DOM_CODIGO,DOM_VALOR_MOSTRAR,DOM_DESCRIPCION)  VALUES ('GRAL','Tipo Documento','PSP-JORDANIA','JORDANIA','JORDANIA');
INSERT INTO APP.DOMINIO (DOM_TIPO,DOM_CLAVE,DOM_CODIGO,DOM_VALOR_MOSTRAR,DOM_DESCRIPCION)  VALUES ('GRAL','Tipo Documento','PSP-KENYA','KENYA','KENYA');
INSERT INTO APP.DOMINIO (DOM_TIPO,DOM_CLAVE,DOM_CODIGO,DOM_VALOR_MOSTRAR,DOM_DESCRIPCION)  VALUES ('GRAL','Tipo Documento','PSP-LIBERIA','LIBERIA','LIBERIA');
INSERT INTO APP.DOMINIO (DOM_TIPO,DOM_CLAVE,DOM_CODIGO,DOM_VALOR_MOSTRAR,DOM_DESCRIPCION)  VALUES ('GRAL','Tipo Documento','PSP-LIBIA','LIBIA','LIBIA');
INSERT INTO APP.DOMINIO (DOM_TIPO,DOM_CLAVE,DOM_CODIGO,DOM_VALOR_MOSTRAR,DOM_DESCRIPCION)  VALUES ('GRAL','Tipo Documento','PSP-LITUANIA','LITUANIA','LITUANIA');
INSERT INTO APP.DOMINIO (DOM_TIPO,DOM_CLAVE,DOM_CODIGO,DOM_VALOR_MOSTRAR,DOM_DESCRIPCION)  VALUES ('GRAL','Tipo Documento','PSP-LUXEMBURGO','LUXEMBURGO','LUXEMBURGO');
INSERT INTO APP.DOMINIO (DOM_TIPO,DOM_CLAVE,DOM_CODIGO,DOM_VALOR_MOSTRAR,DOM_DESCRIPCION)  VALUES ('GRAL','Tipo Documento','PSP-LÍBANO','LÍBANO','LÍBANO');
INSERT INTO APP.DOMINIO (DOM_TIPO,DOM_CLAVE,DOM_CODIGO,DOM_VALOR_MOSTRAR,DOM_DESCRIPCION)  VALUES ('GRAL','Tipo Documento','PSP-MADAGASCAR','MADAGASCAR','MADAGASCAR');
INSERT INTO APP.DOMINIO (DOM_TIPO,DOM_CLAVE,DOM_CODIGO,DOM_VALOR_MOSTRAR,DOM_DESCRIPCION)  VALUES ('GRAL','Tipo Documento','PSP-MALÍ','MALÍ','MALÍ');
INSERT INTO APP.DOMINIO (DOM_TIPO,DOM_CLAVE,DOM_CODIGO,DOM_VALOR_MOSTRAR,DOM_DESCRIPCION)  VALUES ('GRAL','Tipo Documento','PSP-MARRUECOS','MARRUECOS','MARRUECOS');
INSERT INTO APP.DOMINIO (DOM_TIPO,DOM_CLAVE,DOM_CODIGO,DOM_VALOR_MOSTRAR,DOM_DESCRIPCION)  VALUES ('GRAL','Tipo Documento','PSP-MOZAMBIQUE','MOZAMBIQUE','MOZAMBIQUE');
INSERT INTO APP.DOMINIO (DOM_TIPO,DOM_CLAVE,DOM_CODIGO,DOM_VALOR_MOSTRAR,DOM_DESCRIPCION)  VALUES ('GRAL','Tipo Documento','PSP-MÉXICO','MÉXICO','MÉXICO');
INSERT INTO APP.DOMINIO (DOM_TIPO,DOM_CLAVE,DOM_CODIGO,DOM_VALOR_MOSTRAR,DOM_DESCRIPCION)  VALUES ('GRAL','Tipo Documento','PSP-MÓNACO','MÓNACO','MÓNACO');
INSERT INTO APP.DOMINIO (DOM_TIPO,DOM_CLAVE,DOM_CODIGO,DOM_VALOR_MOSTRAR,DOM_DESCRIPCION)  VALUES ('GRAL','Tipo Documento','PSP-NICARAGUA','NICARAGUA','NICARAGUA');
INSERT INTO APP.DOMINIO (DOM_TIPO,DOM_CLAVE,DOM_CODIGO,DOM_VALOR_MOSTRAR,DOM_DESCRIPCION)  VALUES ('GRAL','Tipo Documento','PSP-NIGERIA','NIGERIA','NIGERIA');
INSERT INTO APP.DOMINIO (DOM_TIPO,DOM_CLAVE,DOM_CODIGO,DOM_VALOR_MOSTRAR,DOM_DESCRIPCION)  VALUES ('GRAL','Tipo Documento','PSP-NORUEGA','NORUEGA','NORUEGA');
INSERT INTO APP.DOMINIO (DOM_TIPO,DOM_CLAVE,DOM_CODIGO,DOM_VALOR_MOSTRAR,DOM_DESCRIPCION)  VALUES ('GRAL','Tipo Documento','PSP-NUEVA ZELANDA','NUEVA ZELANDA','NUEVA ZELANDA');
INSERT INTO APP.DOMINIO (DOM_TIPO,DOM_CLAVE,DOM_CODIGO,DOM_VALOR_MOSTRAR,DOM_DESCRIPCION)  VALUES ('GRAL','Tipo Documento','PSP-PANAMÁ','PANAMÁ','PANAMÁ');
INSERT INTO APP.DOMINIO (DOM_TIPO,DOM_CLAVE,DOM_CODIGO,DOM_VALOR_MOSTRAR,DOM_DESCRIPCION)  VALUES ('GRAL','Tipo Documento','PSP-PAQUISTÁN','PAQUISTÁN','PAQUISTÁN');
INSERT INTO APP.DOMINIO (DOM_TIPO,DOM_CLAVE,DOM_CODIGO,DOM_VALOR_MOSTRAR,DOM_DESCRIPCION)  VALUES ('GRAL','Tipo Documento','PSP-PARAGUAY','PARAGUAY','PARAGUAY');
INSERT INTO APP.DOMINIO (DOM_TIPO,DOM_CLAVE,DOM_CODIGO,DOM_VALOR_MOSTRAR,DOM_DESCRIPCION)  VALUES ('GRAL','Tipo Documento','PSP-PAÍSES BAJOS','PAÍSES BAJOS','PAÍSES BAJOS');
INSERT INTO APP.DOMINIO (DOM_TIPO,DOM_CLAVE,DOM_CODIGO,DOM_VALOR_MOSTRAR,DOM_DESCRIPCION)  VALUES ('GRAL','Tipo Documento','PSP-PERU','PERU','PERU');
INSERT INTO APP.DOMINIO (DOM_TIPO,DOM_CLAVE,DOM_CODIGO,DOM_VALOR_MOSTRAR,DOM_DESCRIPCION)  VALUES ('GRAL','Tipo Documento','PSP-POLONIA','POLONIA','POLONIA');
INSERT INTO APP.DOMINIO (DOM_TIPO,DOM_CLAVE,DOM_CODIGO,DOM_VALOR_MOSTRAR,DOM_DESCRIPCION)  VALUES ('GRAL','Tipo Documento','PSP-PORTUGAL','PORTUGAL','PORTUGAL');
INSERT INTO APP.DOMINIO (DOM_TIPO,DOM_CLAVE,DOM_CODIGO,DOM_VALOR_MOSTRAR,DOM_DESCRIPCION)  VALUES ('GRAL','Tipo Documento','PSP-PUERTO RICO','PUERTO RICO','PUERTO RICO');
INSERT INTO APP.DOMINIO (DOM_TIPO,DOM_CLAVE,DOM_CODIGO,DOM_VALOR_MOSTRAR,DOM_DESCRIPCION)  VALUES ('GRAL','Tipo Documento','PSP-R.O. DE ARGELIA','R.O. DE ARGELIA','R.O. DE ARGELIA');
INSERT INTO APP.DOMINIO (DOM_TIPO,DOM_CLAVE,DOM_CODIGO,DOM_VALOR_MOSTRAR,DOM_DESCRIPCION)  VALUES ('GRAL','Tipo Documento','PSP-REPÚBLICA DOMINICANA','REPÚBLICA DOMINICANA','REPÚBLICA DOMINICANA');
INSERT INTO APP.DOMINIO (DOM_TIPO,DOM_CLAVE,DOM_CODIGO,DOM_VALOR_MOSTRAR,DOM_DESCRIPCION)  VALUES ('GRAL','Tipo Documento','PSP-RESTO DE AFRICA','RESTO DE AFRICA','RESTO DE AFRICA');
INSERT INTO APP.DOMINIO (DOM_TIPO,DOM_CLAVE,DOM_CODIGO,DOM_VALOR_MOSTRAR,DOM_DESCRIPCION)  VALUES ('GRAL','Tipo Documento','PSP-RESTO DE AMÉRICA','RESTO DE AMÉRICA','RESTO DE AMÉRICA');
INSERT INTO APP.DOMINIO (DOM_TIPO,DOM_CLAVE,DOM_CODIGO,DOM_VALOR_MOSTRAR,DOM_DESCRIPCION)  VALUES ('GRAL','Tipo Documento','PSP-RESTO DE ASIA','RESTO DE ASIA','RESTO DE ASIA');
INSERT INTO APP.DOMINIO (DOM_TIPO,DOM_CLAVE,DOM_CODIGO,DOM_VALOR_MOSTRAR,DOM_DESCRIPCION)  VALUES ('GRAL','Tipo Documento','PSP-RESTO DE EUROPA','RESTO DE EUROPA','RESTO DE EUROPA');
INSERT INTO APP.DOMINIO (DOM_TIPO,DOM_CLAVE,DOM_CODIGO,DOM_VALOR_MOSTRAR,DOM_DESCRIPCION)  VALUES ('GRAL','Tipo Documento','PSP-RESTO DE OCEANÍA','RESTO DE OCEANÍA','RESTO DE OCEANÍA');
INSERT INTO APP.DOMINIO (DOM_TIPO,DOM_CLAVE,DOM_CODIGO,DOM_VALOR_MOSTRAR,DOM_DESCRIPCION)  VALUES ('GRAL','Tipo Documento','PSP-RUMANIA','RUMANIA','RUMANIA');
INSERT INTO APP.DOMINIO (DOM_TIPO,DOM_CLAVE,DOM_CODIGO,DOM_VALOR_MOSTRAR,DOM_DESCRIPCION)  VALUES ('GRAL','Tipo Documento','PSP-RUSIA','RUSIA','RUSIA');
INSERT INTO APP.DOMINIO (DOM_TIPO,DOM_CLAVE,DOM_CODIGO,DOM_VALOR_MOSTRAR,DOM_DESCRIPCION)  VALUES ('GRAL','Tipo Documento','PSP-SAN MARINO','SAN MARINO','SAN MARINO');
INSERT INTO APP.DOMINIO (DOM_TIPO,DOM_CLAVE,DOM_CODIGO,DOM_VALOR_MOSTRAR,DOM_DESCRIPCION)  VALUES ('GRAL','Tipo Documento','PSP-SENEGAL','SENEGAL','SENEGAL');
INSERT INTO APP.DOMINIO (DOM_TIPO,DOM_CLAVE,DOM_CODIGO,DOM_VALOR_MOSTRAR,DOM_DESCRIPCION)  VALUES ('GRAL','Tipo Documento','PSP-SINGAPUR','SINGAPUR','SINGAPUR');
INSERT INTO APP.DOMINIO (DOM_TIPO,DOM_CLAVE,DOM_CODIGO,DOM_VALOR_MOSTRAR,DOM_DESCRIPCION)  VALUES ('GRAL','Tipo Documento','PSP-SIRIA','SIRIA','SIRIA');
INSERT INTO APP.DOMINIO (DOM_TIPO,DOM_CLAVE,DOM_CODIGO,DOM_VALOR_MOSTRAR,DOM_DESCRIPCION)  VALUES ('GRAL','Tipo Documento','PSP-SUDAN','SUDAN','SUDAN');
INSERT INTO APP.DOMINIO (DOM_TIPO,DOM_CLAVE,DOM_CODIGO,DOM_VALOR_MOSTRAR,DOM_DESCRIPCION)  VALUES ('GRAL','Tipo Documento','PSP-SUDÁFRICA','SUDÁFRICA','SUDÁFRICA');
INSERT INTO APP.DOMINIO (DOM_TIPO,DOM_CLAVE,DOM_CODIGO,DOM_VALOR_MOSTRAR,DOM_DESCRIPCION)  VALUES ('GRAL','Tipo Documento','PSP-SUECIA','SUECIA','SUECIA');
INSERT INTO APP.DOMINIO (DOM_TIPO,DOM_CLAVE,DOM_CODIGO,DOM_VALOR_MOSTRAR,DOM_DESCRIPCION)  VALUES ('GRAL','Tipo Documento','PSP-SUIZA','SUIZA','SUIZA');
INSERT INTO APP.DOMINIO (DOM_TIPO,DOM_CLAVE,DOM_CODIGO,DOM_VALOR_MOSTRAR,DOM_DESCRIPCION)  VALUES ('GRAL','Tipo Documento','PSP-SURINAM','SURINAM','SURINAM');
INSERT INTO APP.DOMINIO (DOM_TIPO,DOM_CLAVE,DOM_CODIGO,DOM_VALOR_MOSTRAR,DOM_DESCRIPCION)  VALUES ('GRAL','Tipo Documento','PSP-TAILANDIA','TAILANDIA','TAILANDIA');
INSERT INTO APP.DOMINIO (DOM_TIPO,DOM_CLAVE,DOM_CODIGO,DOM_VALOR_MOSTRAR,DOM_DESCRIPCION)  VALUES ('GRAL','Tipo Documento','PSP-TRINIDAD - TOBAGO','TRINIDAD - TOBAGO','TRINIDAD - TOBAGO');
INSERT INTO APP.DOMINIO (DOM_TIPO,DOM_CLAVE,DOM_CODIGO,DOM_VALOR_MOSTRAR,DOM_DESCRIPCION)  VALUES ('GRAL','Tipo Documento','PSP-TURQUÍA','TURQUÍA','TURQUÍA');
INSERT INTO APP.DOMINIO (DOM_TIPO,DOM_CLAVE,DOM_CODIGO,DOM_VALOR_MOSTRAR,DOM_DESCRIPCION)  VALUES ('GRAL','Tipo Documento','PSP-TÚNEZ','TÚNEZ','TÚNEZ');
INSERT INTO APP.DOMINIO (DOM_TIPO,DOM_CLAVE,DOM_CODIGO,DOM_VALOR_MOSTRAR,DOM_DESCRIPCION)  VALUES ('GRAL','Tipo Documento','PSP-UCRANIA','UCRANIA','UCRANIA');
INSERT INTO APP.DOMINIO (DOM_TIPO,DOM_CLAVE,DOM_CODIGO,DOM_VALOR_MOSTRAR,DOM_DESCRIPCION)  VALUES ('GRAL','Tipo Documento','PSP-UGANDA','UGANDA','UGANDA');
INSERT INTO APP.DOMINIO (DOM_TIPO,DOM_CLAVE,DOM_CODIGO,DOM_VALOR_MOSTRAR,DOM_DESCRIPCION)  VALUES ('GRAL','Tipo Documento','PSP-URUGUAY','URUGUAY','URUGUAY');
INSERT INTO APP.DOMINIO (DOM_TIPO,DOM_CLAVE,DOM_CODIGO,DOM_VALOR_MOSTRAR,DOM_DESCRIPCION)  VALUES ('GRAL','Tipo Documento','PSP-VENEZUELA','VENEZUELA','VENEZUELA');
INSERT INTO APP.DOMINIO (DOM_TIPO,DOM_CLAVE,DOM_CODIGO,DOM_VALOR_MOSTRAR,DOM_DESCRIPCION)  VALUES ('GRAL','Tipo Documento','PSP-YUGOSLAVIA','YUGOSLAVIA','YUGOSLAVIA');
INSERT INTO APP.DOMINIO (DOM_TIPO,DOM_CLAVE,DOM_CODIGO,DOM_VALOR_MOSTRAR,DOM_DESCRIPCION)  VALUES ('GRAL','Tipo Documento','PSP-ZAIRE','ZAIRE','ZAIRE');
INSERT INTO APP.DOMINIO (DOM_TIPO,DOM_CLAVE,DOM_CODIGO,DOM_VALOR_MOSTRAR,DOM_DESCRIPCION)  VALUES ('GRAL','Tipo Documento','PSP-ALEMANIA','ALEMANIA','ALEMANIA');
*/

delete from APP.DOMINIO where DOM_CLAVE ='Nacionalidad';
122 rows inserted/updated/deleted
ij> INSERT INTO APP.DOMINIO (DOM_TIPO,DOM_CLAVE,DOM_CODIGO,DOM_VALOR_MOSTRAR,DOM_DESCRIPCION)  VALUES ('GRAL','Nacionalidad','ALB','ALBANIA','ALBANIA');
1 row inserted/updated/deleted
ij> INSERT INTO APP.DOMINIO (DOM_TIPO,DOM_CLAVE,DOM_CODIGO,DOM_VALOR_MOSTRAR,DOM_DESCRIPCION)  VALUES ('GRAL','Nacionalidad','ALE','ALEMANIA','ALEMANIA');
1 row inserted/updated/deleted
ij> INSERT INTO APP.DOMINIO (DOM_TIPO,DOM_CLAVE,DOM_CODIGO,DOM_VALOR_MOSTRAR,DOM_DESCRIPCION)  VALUES ('GRAL','Nacionalidad','AOC','ALEMANIA OCCIDENTAL','ALEMANIA OCCIDENTAL');
1 row inserted/updated/deleted
ij> INSERT INTO APP.DOMINIO (DOM_TIPO,DOM_CLAVE,DOM_CODIGO,DOM_VALOR_MOSTRAR,DOM_DESCRIPCION)  VALUES ('GRAL','Nacionalidad','AOR','ALEMANIA ORIENTAL','ALEMANIA ORIENTAL');
1 row inserted/updated/deleted
ij> INSERT INTO APP.DOMINIO (DOM_TIPO,DOM_CLAVE,DOM_CODIGO,DOM_VALOR_MOSTRAR,DOM_DESCRIPCION)  VALUES ('GRAL','Nacionalidad','ARA','ARABIA','ARABIA');
1 row inserted/updated/deleted
ij> INSERT INTO APP.DOMINIO (DOM_TIPO,DOM_CLAVE,DOM_CODIGO,DOM_VALOR_MOSTRAR,DOM_DESCRIPCION)  VALUES ('GRAL','Nacionalidad','ARG','ARGENTINA','ARGENTINA');
1 row inserted/updated/deleted
ij> INSERT INTO APP.DOMINIO (DOM_TIPO,DOM_CLAVE,DOM_CODIGO,DOM_VALOR_MOSTRAR,DOM_DESCRIPCION)  VALUES ('GRAL','Nacionalidad','ARL','ARGELIA','ARGELIA');
1 row inserted/updated/deleted
ij> INSERT INTO APP.DOMINIO (DOM_TIPO,DOM_CLAVE,DOM_CODIGO,DOM_VALOR_MOSTRAR,DOM_DESCRIPCION)  VALUES ('GRAL','Nacionalidad','ARM','ARMENIA','ARMENIA');
1 row inserted/updated/deleted
ij> INSERT INTO APP.DOMINIO (DOM_TIPO,DOM_CLAVE,DOM_CODIGO,DOM_VALOR_MOSTRAR,DOM_DESCRIPCION)  VALUES ('GRAL','Nacionalidad','AUL','AUSTRALIA','AUSTRALIA');
1 row inserted/updated/deleted
ij> INSERT INTO APP.DOMINIO (DOM_TIPO,DOM_CLAVE,DOM_CODIGO,DOM_VALOR_MOSTRAR,DOM_DESCRIPCION)  VALUES ('GRAL','Nacionalidad','AUS','AUSTRIA','AUSTRIA');
1 row inserted/updated/deleted
ij> INSERT INTO APP.DOMINIO (DOM_TIPO,DOM_CLAVE,DOM_CODIGO,DOM_VALOR_MOSTRAR,DOM_DESCRIPCION)  VALUES ('GRAL','Nacionalidad','BAN','BANGLADESH','BANGLADESH');
1 row inserted/updated/deleted
ij> INSERT INTO APP.DOMINIO (DOM_TIPO,DOM_CLAVE,DOM_CODIGO,DOM_VALOR_MOSTRAR,DOM_DESCRIPCION)  VALUES ('GRAL','Nacionalidad','BEL','BELGICA','BELGICA');
1 row inserted/updated/deleted
ij> INSERT INTO APP.DOMINIO (DOM_TIPO,DOM_CLAVE,DOM_CODIGO,DOM_VALOR_MOSTRAR,DOM_DESCRIPCION)  VALUES ('GRAL','Nacionalidad','BIR','BIRMANIA','BIRMANIA');
1 row inserted/updated/deleted
ij> INSERT INTO APP.DOMINIO (DOM_TIPO,DOM_CLAVE,DOM_CODIGO,DOM_VALOR_MOSTRAR,DOM_DESCRIPCION)  VALUES ('GRAL','Nacionalidad','BOL','BOLIVIA','BOLIVIA');
1 row inserted/updated/deleted
ij> INSERT INTO APP.DOMINIO (DOM_TIPO,DOM_CLAVE,DOM_CODIGO,DOM_VALOR_MOSTRAR,DOM_DESCRIPCION)  VALUES ('GRAL','Nacionalidad','BRA','BRASIL','BRASIL');
1 row inserted/updated/deleted
ij> INSERT INTO APP.DOMINIO (DOM_TIPO,DOM_CLAVE,DOM_CODIGO,DOM_VALOR_MOSTRAR,DOM_DESCRIPCION)  VALUES ('GRAL','Nacionalidad','BRE','GRAN BRETAÑA','GRAN BRETAÑA');
1 row inserted/updated/deleted
ij> INSERT INTO APP.DOMINIO (DOM_TIPO,DOM_CLAVE,DOM_CODIGO,DOM_VALOR_MOSTRAR,DOM_DESCRIPCION)  VALUES ('GRAL','Nacionalidad','BUL','BULGARIA','BULGARIA');
1 row inserted/updated/deleted
ij> INSERT INTO APP.DOMINIO (DOM_TIPO,DOM_CLAVE,DOM_CODIGO,DOM_VALOR_MOSTRAR,DOM_DESCRIPCION)  VALUES ('GRAL','Nacionalidad','CAN','CANADA','CANADA');
1 row inserted/updated/deleted
ij> INSERT INTO APP.DOMINIO (DOM_TIPO,DOM_CLAVE,DOM_CODIGO,DOM_VALOR_MOSTRAR,DOM_DESCRIPCION)  VALUES ('GRAL','Nacionalidad','CCA','COSTA RICA','COSTA RICA');
1 row inserted/updated/deleted
ij> INSERT INTO APP.DOMINIO (DOM_TIPO,DOM_CLAVE,DOM_CODIGO,DOM_VALOR_MOSTRAR,DOM_DESCRIPCION)  VALUES ('GRAL','Nacionalidad','CHE','CHECOSLOVAQUIA','CHECOSLOVAQUIA');
1 row inserted/updated/deleted
ij> INSERT INTO APP.DOMINIO (DOM_TIPO,DOM_CLAVE,DOM_CODIGO,DOM_VALOR_MOSTRAR,DOM_DESCRIPCION)  VALUES ('GRAL','Nacionalidad','CHI','CHILE','CHILE');
1 row inserted/updated/deleted
ij> INSERT INTO APP.DOMINIO (DOM_TIPO,DOM_CLAVE,DOM_CODIGO,DOM_VALOR_MOSTRAR,DOM_DESCRIPCION)  VALUES ('GRAL','Nacionalidad','CHN','CHINA','CHINA');
1 row inserted/updated/deleted
ij> INSERT INTO APP.DOMINIO (DOM_TIPO,DOM_CLAVE,DOM_CODIGO,DOM_VALOR_MOSTRAR,DOM_DESCRIPCION)  VALUES ('GRAL','Nacionalidad','CHP','CHIPRE','CHIPRE');
1 row inserted/updated/deleted
ij> INSERT INTO APP.DOMINIO (DOM_TIPO,DOM_CLAVE,DOM_CODIGO,DOM_VALOR_MOSTRAR,DOM_DESCRIPCION)  VALUES ('GRAL','Nacionalidad','CMA','COSTA DE MARFIL','COSTA DE MARFIL');
1 row inserted/updated/deleted
ij> INSERT INTO APP.DOMINIO (DOM_TIPO,DOM_CLAVE,DOM_CODIGO,DOM_VALOR_MOSTRAR,DOM_DESCRIPCION)  VALUES ('GRAL','Nacionalidad','COL','COLOMBIA','COLOMBIA');
1 row inserted/updated/deleted
ij> INSERT INTO APP.DOMINIO (DOM_TIPO,DOM_CLAVE,DOM_CODIGO,DOM_VALOR_MOSTRAR,DOM_DESCRIPCION)  VALUES ('GRAL','Nacionalidad','COR','COREA','COREA');
1 row inserted/updated/deleted
ij> INSERT INTO APP.DOMINIO (DOM_TIPO,DOM_CLAVE,DOM_CODIGO,DOM_VALOR_MOSTRAR,DOM_DESCRIPCION)  VALUES ('GRAL','Nacionalidad','COS','COREA DEL SUR','COREA DEL SUR');
1 row inserted/updated/deleted
ij> INSERT INTO APP.DOMINIO (DOM_TIPO,DOM_CLAVE,DOM_CODIGO,DOM_VALOR_MOSTRAR,DOM_DESCRIPCION)  VALUES ('GRAL','Nacionalidad','CRO','CROACIA','CROACIA');
1 row inserted/updated/deleted
ij> INSERT INTO APP.DOMINIO (DOM_TIPO,DOM_CLAVE,DOM_CODIGO,DOM_VALOR_MOSTRAR,DOM_DESCRIPCION)  VALUES ('GRAL','Nacionalidad','CUB','CUBA','CUBA');
1 row inserted/updated/deleted
ij> INSERT INTO APP.DOMINIO (DOM_TIPO,DOM_CLAVE,DOM_CODIGO,DOM_VALOR_MOSTRAR,DOM_DESCRIPCION)  VALUES ('GRAL','Nacionalidad','CVE','CABO VERDE','CABO VERDE');
1 row inserted/updated/deleted
ij> INSERT INTO APP.DOMINIO (DOM_TIPO,DOM_CLAVE,DOM_CODIGO,DOM_VALOR_MOSTRAR,DOM_DESCRIPCION)  VALUES ('GRAL','Nacionalidad','DES','DESCONOCIDO','DESCONOCIDO');
1 row inserted/updated/deleted
ij> INSERT INTO APP.DOMINIO (DOM_TIPO,DOM_CLAVE,DOM_CODIGO,DOM_VALOR_MOSTRAR,DOM_DESCRIPCION)  VALUES ('GRAL','Nacionalidad','DIN','DINAMARCA','DINAMARCA');
1 row inserted/updated/deleted
ij> INSERT INTO APP.DOMINIO (DOM_TIPO,DOM_CLAVE,DOM_CODIGO,DOM_VALOR_MOSTRAR,DOM_DESCRIPCION)  VALUES ('GRAL','Nacionalidad','DOM','REPUBLICA DOMINICANA','REPUBLICA DOMINICANA');
1 row inserted/updated/deleted
ij> INSERT INTO APP.DOMINIO (DOM_TIPO,DOM_CLAVE,DOM_CODIGO,DOM_VALOR_MOSTRAR,DOM_DESCRIPCION)  VALUES ('GRAL','Nacionalidad','ECU','ECUADOR','ECUADOR');
1 row inserted/updated/deleted
ij> INSERT INTO APP.DOMINIO (DOM_TIPO,DOM_CLAVE,DOM_CODIGO,DOM_VALOR_MOSTRAR,DOM_DESCRIPCION)  VALUES ('GRAL','Nacionalidad','EGI','EGIPTO','EGIPTO');
1 row inserted/updated/deleted
ij> INSERT INTO APP.DOMINIO (DOM_TIPO,DOM_CLAVE,DOM_CODIGO,DOM_VALOR_MOSTRAR,DOM_DESCRIPCION)  VALUES ('GRAL','Nacionalidad','ESC','ESCOCIA','ESCOCIA');
1 row inserted/updated/deleted
ij> INSERT INTO APP.DOMINIO (DOM_TIPO,DOM_CLAVE,DOM_CODIGO,DOM_VALOR_MOSTRAR,DOM_DESCRIPCION)  VALUES ('GRAL','Nacionalidad','ESP','ESPAÑA','ESPAÑA');
1 row inserted/updated/deleted
ij> INSERT INTO APP.DOMINIO (DOM_TIPO,DOM_CLAVE,DOM_CODIGO,DOM_VALOR_MOSTRAR,DOM_DESCRIPCION)  VALUES ('GRAL','Nacionalidad','EST','ESTONIA','ESTONIA');
1 row inserted/updated/deleted
ij> INSERT INTO APP.DOMINIO (DOM_TIPO,DOM_CLAVE,DOM_CODIGO,DOM_VALOR_MOSTRAR,DOM_DESCRIPCION)  VALUES ('GRAL','Nacionalidad','ETI','ETIOPIA','ETIOPIA');
1 row inserted/updated/deleted
ij> INSERT INTO APP.DOMINIO (DOM_TIPO,DOM_CLAVE,DOM_CODIGO,DOM_VALOR_MOSTRAR,DOM_DESCRIPCION)  VALUES ('GRAL','Nacionalidad','FIL','FILIPINAS','FILIPINAS');
1 row inserted/updated/deleted
ij> INSERT INTO APP.DOMINIO (DOM_TIPO,DOM_CLAVE,DOM_CODIGO,DOM_VALOR_MOSTRAR,DOM_DESCRIPCION)  VALUES ('GRAL','Nacionalidad','FIN','FINLANDIA','FINLANDIA');
1 row inserted/updated/deleted
ij> INSERT INTO APP.DOMINIO (DOM_TIPO,DOM_CLAVE,DOM_CODIGO,DOM_VALOR_MOSTRAR,DOM_DESCRIPCION)  VALUES ('GRAL','Nacionalidad','FOR','FORMOSA','FORMOSA');
1 row inserted/updated/deleted
ij> INSERT INTO APP.DOMINIO (DOM_TIPO,DOM_CLAVE,DOM_CODIGO,DOM_VALOR_MOSTRAR,DOM_DESCRIPCION)  VALUES ('GRAL','Nacionalidad','FRA','FRANCIA','FRANCIA');
1 row inserted/updated/deleted
ij> INSERT INTO APP.DOMINIO (DOM_TIPO,DOM_CLAVE,DOM_CODIGO,DOM_VALOR_MOSTRAR,DOM_DESCRIPCION)  VALUES ('GRAL','Nacionalidad','GHA','GHANA','GHANA');
1 row inserted/updated/deleted
ij> INSERT INTO APP.DOMINIO (DOM_TIPO,DOM_CLAVE,DOM_CODIGO,DOM_VALOR_MOSTRAR,DOM_DESCRIPCION)  VALUES ('GRAL','Nacionalidad','GRE','GRECIA','GRECIA');
1 row inserted/updated/deleted
ij> INSERT INTO APP.DOMINIO (DOM_TIPO,DOM_CLAVE,DOM_CODIGO,DOM_VALOR_MOSTRAR,DOM_DESCRIPCION)  VALUES ('GRAL','Nacionalidad','GUA','GUATEMALA','GUATEMALA');
1 row inserted/updated/deleted
ij> INSERT INTO APP.DOMINIO (DOM_TIPO,DOM_CLAVE,DOM_CODIGO,DOM_VALOR_MOSTRAR,DOM_DESCRIPCION)  VALUES ('GRAL','Nacionalidad','GUI','GUINEA','GUINEA');
1 row inserted/updated/deleted
ij> INSERT INTO APP.DOMINIO (DOM_TIPO,DOM_CLAVE,DOM_CODIGO,DOM_VALOR_MOSTRAR,DOM_DESCRIPCION)  VALUES ('GRAL','Nacionalidad','HAI','HAITI','HAITI');
1 row inserted/updated/deleted
ij> INSERT INTO APP.DOMINIO (DOM_TIPO,DOM_CLAVE,DOM_CODIGO,DOM_VALOR_MOSTRAR,DOM_DESCRIPCION)  VALUES ('GRAL','Nacionalidad','HK','HONG KONG','HONG KONG');
1 row inserted/updated/deleted
ij> INSERT INTO APP.DOMINIO (DOM_TIPO,DOM_CLAVE,DOM_CODIGO,DOM_VALOR_MOSTRAR,DOM_DESCRIPCION)  VALUES ('GRAL','Nacionalidad','HOL','HOLANDA','HOLANDA');
1 row inserted/updated/deleted
ij> INSERT INTO APP.DOMINIO (DOM_TIPO,DOM_CLAVE,DOM_CODIGO,DOM_VALOR_MOSTRAR,DOM_DESCRIPCION)  VALUES ('GRAL','Nacionalidad','HON','HONDURAS','HONDURAS');
1 row inserted/updated/deleted
ij> INSERT INTO APP.DOMINIO (DOM_TIPO,DOM_CLAVE,DOM_CODIGO,DOM_VALOR_MOSTRAR,DOM_DESCRIPCION)  VALUES ('GRAL','Nacionalidad','HUN','HUNGRÍA','HUNGRÍA');
1 row inserted/updated/deleted
ij> INSERT INTO APP.DOMINIO (DOM_TIPO,DOM_CLAVE,DOM_CODIGO,DOM_VALOR_MOSTRAR,DOM_DESCRIPCION)  VALUES ('GRAL','Nacionalidad','INA','INDIA','INDIA');
1 row inserted/updated/deleted
ij> INSERT INTO APP.DOMINIO (DOM_TIPO,DOM_CLAVE,DOM_CODIGO,DOM_VALOR_MOSTRAR,DOM_DESCRIPCION)  VALUES ('GRAL','Nacionalidad','IND','INDOCUMENTADO','INDOCUMENTADO');
1 row inserted/updated/deleted
ij> INSERT INTO APP.DOMINIO (DOM_TIPO,DOM_CLAVE,DOM_CODIGO,DOM_VALOR_MOSTRAR,DOM_DESCRIPCION)  VALUES ('GRAL','Nacionalidad','ING','INGLATERRA','INGLATERRA');
1 row inserted/updated/deleted
ij> INSERT INTO APP.DOMINIO (DOM_TIPO,DOM_CLAVE,DOM_CODIGO,DOM_VALOR_MOSTRAR,DOM_DESCRIPCION)  VALUES ('GRAL','Nacionalidad','INO','INDONESIA','INDONESIA');
1 row inserted/updated/deleted
ij> INSERT INTO APP.DOMINIO (DOM_TIPO,DOM_CLAVE,DOM_CODIGO,DOM_VALOR_MOSTRAR,DOM_DESCRIPCION)  VALUES ('GRAL','Nacionalidad','IRA','IRAN','IRAN');
1 row inserted/updated/deleted
ij> INSERT INTO APP.DOMINIO (DOM_TIPO,DOM_CLAVE,DOM_CODIGO,DOM_VALOR_MOSTRAR,DOM_DESCRIPCION)  VALUES ('GRAL','Nacionalidad','IRL','IRLANDA','IRLANDA');
1 row inserted/updated/deleted
ij> INSERT INTO APP.DOMINIO (DOM_TIPO,DOM_CLAVE,DOM_CODIGO,DOM_VALOR_MOSTRAR,DOM_DESCRIPCION)  VALUES ('GRAL','Nacionalidad','ISL','ISLANDIA','ISLANDIA');
1 row inserted/updated/deleted
ij> INSERT INTO APP.DOMINIO (DOM_TIPO,DOM_CLAVE,DOM_CODIGO,DOM_VALOR_MOSTRAR,DOM_DESCRIPCION)  VALUES ('GRAL','Nacionalidad','ISR','ISRAEL','ISRAEL');
1 row inserted/updated/deleted
ij> INSERT INTO APP.DOMINIO (DOM_TIPO,DOM_CLAVE,DOM_CODIGO,DOM_VALOR_MOSTRAR,DOM_DESCRIPCION)  VALUES ('GRAL','Nacionalidad','ITA','ITALIA','ITALIA');
1 row inserted/updated/deleted
ij> INSERT INTO APP.DOMINIO (DOM_TIPO,DOM_CLAVE,DOM_CODIGO,DOM_VALOR_MOSTRAR,DOM_DESCRIPCION)  VALUES ('GRAL','Nacionalidad','JAM','JAMAICA','JAMAICA');
1 row inserted/updated/deleted
ij> INSERT INTO APP.DOMINIO (DOM_TIPO,DOM_CLAVE,DOM_CODIGO,DOM_VALOR_MOSTRAR,DOM_DESCRIPCION)  VALUES ('GRAL','Nacionalidad','JAP','JAPON','JAPON');
1 row inserted/updated/deleted
ij> INSERT INTO APP.DOMINIO (DOM_TIPO,DOM_CLAVE,DOM_CODIGO,DOM_VALOR_MOSTRAR,DOM_DESCRIPCION)  VALUES ('GRAL','Nacionalidad','JOR','JORDANIA','JORDANIA');
1 row inserted/updated/deleted
ij> INSERT INTO APP.DOMINIO (DOM_TIPO,DOM_CLAVE,DOM_CODIGO,DOM_VALOR_MOSTRAR,DOM_DESCRIPCION)  VALUES ('GRAL','Nacionalidad','KEN','KENYA','KENYA');
1 row inserted/updated/deleted
ij> INSERT INTO APP.DOMINIO (DOM_TIPO,DOM_CLAVE,DOM_CODIGO,DOM_VALOR_MOSTRAR,DOM_DESCRIPCION)  VALUES ('GRAL','Nacionalidad','KUW','KUWAIT','KUWAIT');
1 row inserted/updated/deleted
ij> INSERT INTO APP.DOMINIO (DOM_TIPO,DOM_CLAVE,DOM_CODIGO,DOM_VALOR_MOSTRAR,DOM_DESCRIPCION)  VALUES ('GRAL','Nacionalidad','LIB','LIBIA','LIBIA');
1 row inserted/updated/deleted
ij> INSERT INTO APP.DOMINIO (DOM_TIPO,DOM_CLAVE,DOM_CODIGO,DOM_VALOR_MOSTRAR,DOM_DESCRIPCION)  VALUES ('GRAL','Nacionalidad','LIE','LIBERIA','LIBERIA');
1 row inserted/updated/deleted
ij> INSERT INTO APP.DOMINIO (DOM_TIPO,DOM_CLAVE,DOM_CODIGO,DOM_VALOR_MOSTRAR,DOM_DESCRIPCION)  VALUES ('GRAL','Nacionalidad','LII','LIBANO','LIBANO');
1 row inserted/updated/deleted
ij> INSERT INTO APP.DOMINIO (DOM_TIPO,DOM_CLAVE,DOM_CODIGO,DOM_VALOR_MOSTRAR,DOM_DESCRIPCION)  VALUES ('GRAL','Nacionalidad','LIT','LITUANIA','LITUANIA');
1 row inserted/updated/deleted
ij> INSERT INTO APP.DOMINIO (DOM_TIPO,DOM_CLAVE,DOM_CODIGO,DOM_VALOR_MOSTRAR,DOM_DESCRIPCION)  VALUES ('GRAL','Nacionalidad','LNO','LIBANO','LIBANO');
1 row inserted/updated/deleted
ij> INSERT INTO APP.DOMINIO (DOM_TIPO,DOM_CLAVE,DOM_CODIGO,DOM_VALOR_MOSTRAR,DOM_DESCRIPCION)  VALUES ('GRAL','Nacionalidad','LUX','LUXEMBURGO','LUXEMBURGO');
1 row inserted/updated/deleted
ij> INSERT INTO APP.DOMINIO (DOM_TIPO,DOM_CLAVE,DOM_CODIGO,DOM_VALOR_MOSTRAR,DOM_DESCRIPCION)  VALUES ('GRAL','Nacionalidad','MAD','MADAGASCAR','MADAGASCAR');
1 row inserted/updated/deleted
ij> INSERT INTO APP.DOMINIO (DOM_TIPO,DOM_CLAVE,DOM_CODIGO,DOM_VALOR_MOSTRAR,DOM_DESCRIPCION)  VALUES ('GRAL','Nacionalidad','MAL','MALI','MALI');
1 row inserted/updated/deleted
ij> INSERT INTO APP.DOMINIO (DOM_TIPO,DOM_CLAVE,DOM_CODIGO,DOM_VALOR_MOSTRAR,DOM_DESCRIPCION)  VALUES ('GRAL','Nacionalidad','MAR','MARRUECOS','MARRUECOS');
1 row inserted/updated/deleted
ij> INSERT INTO APP.DOMINIO (DOM_TIPO,DOM_CLAVE,DOM_CODIGO,DOM_VALOR_MOSTRAR,DOM_DESCRIPCION)  VALUES ('GRAL','Nacionalidad','MEX','MEXICO','MEXICO');
1 row inserted/updated/deleted
ij> INSERT INTO APP.DOMINIO (DOM_TIPO,DOM_CLAVE,DOM_CODIGO,DOM_VALOR_MOSTRAR,DOM_DESCRIPCION)  VALUES ('GRAL','Nacionalidad','MON','MONACO','MONACO');
1 row inserted/updated/deleted
ij> INSERT INTO APP.DOMINIO (DOM_TIPO,DOM_CLAVE,DOM_CODIGO,DOM_VALOR_MOSTRAR,DOM_DESCRIPCION)  VALUES ('GRAL','Nacionalidad','MOZ','MOZAMBIQUE','MOZAMBIQUE');
1 row inserted/updated/deleted
ij> INSERT INTO APP.DOMINIO (DOM_TIPO,DOM_CLAVE,DOM_CODIGO,DOM_VALOR_MOSTRAR,DOM_DESCRIPCION)  VALUES ('GRAL','Nacionalidad','NIC','NICARAGUA','NICARAGUA');
1 row inserted/updated/deleted
ij> INSERT INTO APP.DOMINIO (DOM_TIPO,DOM_CLAVE,DOM_CODIGO,DOM_VALOR_MOSTRAR,DOM_DESCRIPCION)  VALUES ('GRAL','Nacionalidad','NIG','NIGERIA','NIGERIA');
1 row inserted/updated/deleted
ij> INSERT INTO APP.DOMINIO (DOM_TIPO,DOM_CLAVE,DOM_CODIGO,DOM_VALOR_MOSTRAR,DOM_DESCRIPCION)  VALUES ('GRAL','Nacionalidad','NOR','NORUEGA','NORUEGA');
1 row inserted/updated/deleted
ij> INSERT INTO APP.DOMINIO (DOM_TIPO,DOM_CLAVE,DOM_CODIGO,DOM_VALOR_MOSTRAR,DOM_DESCRIPCION)  VALUES ('GRAL','Nacionalidad','NZE','NUEVA ZELANDA','NUEVA ZELANDA');
1 row inserted/updated/deleted
ij> INSERT INTO APP.DOMINIO (DOM_TIPO,DOM_CLAVE,DOM_CODIGO,DOM_VALOR_MOSTRAR,DOM_DESCRIPCION)  VALUES ('GRAL','Nacionalidad','OTR','OTRA','OTRA');
1 row inserted/updated/deleted
ij> INSERT INTO APP.DOMINIO (DOM_TIPO,DOM_CLAVE,DOM_CODIGO,DOM_VALOR_MOSTRAR,DOM_DESCRIPCION)  VALUES ('GRAL','Nacionalidad','PAN','PANAMA','PANAMA');
1 row inserted/updated/deleted
ij> INSERT INTO APP.DOMINIO (DOM_TIPO,DOM_CLAVE,DOM_CODIGO,DOM_VALOR_MOSTRAR,DOM_DESCRIPCION)  VALUES ('GRAL','Nacionalidad','PAQ','PAQUISTAN','PAQUISTAN');
1 row inserted/updated/deleted
ij> INSERT INTO APP.DOMINIO (DOM_TIPO,DOM_CLAVE,DOM_CODIGO,DOM_VALOR_MOSTRAR,DOM_DESCRIPCION)  VALUES ('GRAL','Nacionalidad','PAR','PARAGUAY','PARAGUAY');
1 row inserted/updated/deleted
ij> INSERT INTO APP.DOMINIO (DOM_TIPO,DOM_CLAVE,DOM_CODIGO,DOM_VALOR_MOSTRAR,DOM_DESCRIPCION)  VALUES ('GRAL','Nacionalidad','PBJ','PAISES BAJOS','PAISES BAJOS');
1 row inserted/updated/deleted
ij> INSERT INTO APP.DOMINIO (DOM_TIPO,DOM_CLAVE,DOM_CODIGO,DOM_VALOR_MOSTRAR,DOM_DESCRIPCION)  VALUES ('GRAL','Nacionalidad','PER','PERU','PERU');
1 row inserted/updated/deleted
ij> INSERT INTO APP.DOMINIO (DOM_TIPO,DOM_CLAVE,DOM_CODIGO,DOM_VALOR_MOSTRAR,DOM_DESCRIPCION)  VALUES ('GRAL','Nacionalidad','POL','POLONIA','POLONIA');
1 row inserted/updated/deleted
ij> INSERT INTO APP.DOMINIO (DOM_TIPO,DOM_CLAVE,DOM_CODIGO,DOM_VALOR_MOSTRAR,DOM_DESCRIPCION)  VALUES ('GRAL','Nacionalidad','POR','PORTUGAL','PORTUGAL');
1 row inserted/updated/deleted
ij> INSERT INTO APP.DOMINIO (DOM_TIPO,DOM_CLAVE,DOM_CODIGO,DOM_VALOR_MOSTRAR,DOM_DESCRIPCION)  VALUES ('GRAL','Nacionalidad','PRC','PUERTO RICO','PUERTO RICO');
1 row inserted/updated/deleted
ij> INSERT INTO APP.DOMINIO (DOM_TIPO,DOM_CLAVE,DOM_CODIGO,DOM_VALOR_MOSTRAR,DOM_DESCRIPCION)  VALUES ('GRAL','Nacionalidad','PUE','PUERTO RICO','PUERTO RICO');
1 row inserted/updated/deleted
ij> INSERT INTO APP.DOMINIO (DOM_TIPO,DOM_CLAVE,DOM_CODIGO,DOM_VALOR_MOSTRAR,DOM_DESCRIPCION)  VALUES ('GRAL','Nacionalidad','RAF','RESTO DE AFRICA','RESTO DE AFRICA');
1 row inserted/updated/deleted
ij> INSERT INTO APP.DOMINIO (DOM_TIPO,DOM_CLAVE,DOM_CODIGO,DOM_VALOR_MOSTRAR,DOM_DESCRIPCION)  VALUES ('GRAL','Nacionalidad','RAM','RESTO DE AMERICA','RESTO DE AMERICA');
1 row inserted/updated/deleted
ij> INSERT INTO APP.DOMINIO (DOM_TIPO,DOM_CLAVE,DOM_CODIGO,DOM_VALOR_MOSTRAR,DOM_DESCRIPCION)  VALUES ('GRAL','Nacionalidad','RAS','RESTO DE ASIA','RESTO DE ASIA');
1 row inserted/updated/deleted
ij> INSERT INTO APP.DOMINIO (DOM_TIPO,DOM_CLAVE,DOM_CODIGO,DOM_VALOR_MOSTRAR,DOM_DESCRIPCION)  VALUES ('GRAL','Nacionalidad','REU','RESTO DE EUROPA','RESTO DE EUROPA');
1 row inserted/updated/deleted
ij> INSERT INTO APP.DOMINIO (DOM_TIPO,DOM_CLAVE,DOM_CODIGO,DOM_VALOR_MOSTRAR,DOM_DESCRIPCION)  VALUES ('GRAL','Nacionalidad','RN','RECIEN NACIDO','RECIEN NACIDO');
1 row inserted/updated/deleted
ij> INSERT INTO APP.DOMINIO (DOM_TIPO,DOM_CLAVE,DOM_CODIGO,DOM_VALOR_MOSTRAR,DOM_DESCRIPCION)  VALUES ('GRAL','Nacionalidad','ROA','R.O. DE ARGELIA','R.O. DE ARGELIA');
1 row inserted/updated/deleted
ij> INSERT INTO APP.DOMINIO (DOM_TIPO,DOM_CLAVE,DOM_CODIGO,DOM_VALOR_MOSTRAR,DOM_DESCRIPCION)  VALUES ('GRAL','Nacionalidad','ROC','RESTO DE OCEANIA','RESTO DE OCEANIA');
1 row inserted/updated/deleted
ij> INSERT INTO APP.DOMINIO (DOM_TIPO,DOM_CLAVE,DOM_CODIGO,DOM_VALOR_MOSTRAR,DOM_DESCRIPCION)  VALUES ('GRAL','Nacionalidad','RUM','RUMANIA','RUMANIA');
1 row inserted/updated/deleted
ij> INSERT INTO APP.DOMINIO (DOM_TIPO,DOM_CLAVE,DOM_CODIGO,DOM_VALOR_MOSTRAR,DOM_DESCRIPCION)  VALUES ('GRAL','Nacionalidad','RUS','RUSIA','RUSIA');
1 row inserted/updated/deleted
ij> INSERT INTO APP.DOMINIO (DOM_TIPO,DOM_CLAVE,DOM_CODIGO,DOM_VALOR_MOSTRAR,DOM_DESCRIPCION)  VALUES ('GRAL','Nacionalidad','SAF','SUDAFRICA','SUDAFRICA');
1 row inserted/updated/deleted
ij> INSERT INTO APP.DOMINIO (DOM_TIPO,DOM_CLAVE,DOM_CODIGO,DOM_VALOR_MOSTRAR,DOM_DESCRIPCION)  VALUES ('GRAL','Nacionalidad','SAL','EL SALVADOR','EL SALVADOR');
1 row inserted/updated/deleted
ij> INSERT INTO APP.DOMINIO (DOM_TIPO,DOM_CLAVE,DOM_CODIGO,DOM_VALOR_MOSTRAR,DOM_DESCRIPCION)  VALUES ('GRAL','Nacionalidad','SAN','SAN MARINO','SAN MARINO');
1 row inserted/updated/deleted
ij> INSERT INTO APP.DOMINIO (DOM_TIPO,DOM_CLAVE,DOM_CODIGO,DOM_VALOR_MOSTRAR,DOM_DESCRIPCION)  VALUES ('GRAL','Nacionalidad','SEN','SENEGAL','SENEGAL');
1 row inserted/updated/deleted
ij> INSERT INTO APP.DOMINIO (DOM_TIPO,DOM_CLAVE,DOM_CODIGO,DOM_VALOR_MOSTRAR,DOM_DESCRIPCION)  VALUES ('GRAL','Nacionalidad','SIN','SINGAPUR','SINGAPUR');
1 row inserted/updated/deleted
ij> INSERT INTO APP.DOMINIO (DOM_TIPO,DOM_CLAVE,DOM_CODIGO,DOM_VALOR_MOSTRAR,DOM_DESCRIPCION)  VALUES ('GRAL','Nacionalidad','SIR','SIRIA','SIRIA');
1 row inserted/updated/deleted
ij> INSERT INTO APP.DOMINIO (DOM_TIPO,DOM_CLAVE,DOM_CODIGO,DOM_VALOR_MOSTRAR,DOM_DESCRIPCION)  VALUES ('GRAL','Nacionalidad','SUD','SUDAN','SUDAN');
1 row inserted/updated/deleted
ij> INSERT INTO APP.DOMINIO (DOM_TIPO,DOM_CLAVE,DOM_CODIGO,DOM_VALOR_MOSTRAR,DOM_DESCRIPCION)  VALUES ('GRAL','Nacionalidad','SUE','SUECIA','SUECIA');
1 row inserted/updated/deleted
ij> INSERT INTO APP.DOMINIO (DOM_TIPO,DOM_CLAVE,DOM_CODIGO,DOM_VALOR_MOSTRAR,DOM_DESCRIPCION)  VALUES ('GRAL','Nacionalidad','SUI','SUIZA','SUIZA');
1 row inserted/updated/deleted
ij> INSERT INTO APP.DOMINIO (DOM_TIPO,DOM_CLAVE,DOM_CODIGO,DOM_VALOR_MOSTRAR,DOM_DESCRIPCION)  VALUES ('GRAL','Nacionalidad','SUR','SURINAM','SURINAM');
1 row inserted/updated/deleted
ij> INSERT INTO APP.DOMINIO (DOM_TIPO,DOM_CLAVE,DOM_CODIGO,DOM_VALOR_MOSTRAR,DOM_DESCRIPCION)  VALUES ('GRAL','Nacionalidad','TAI','TAILANDIA','TAILANDIA');
1 row inserted/updated/deleted
ij> INSERT INTO APP.DOMINIO (DOM_TIPO,DOM_CLAVE,DOM_CODIGO,DOM_VALOR_MOSTRAR,DOM_DESCRIPCION)  VALUES ('GRAL','Nacionalidad','TRT','TRINIDAD - TOBAGO','TRINIDAD - TOBAGO');
1 row inserted/updated/deleted
ij> INSERT INTO APP.DOMINIO (DOM_TIPO,DOM_CLAVE,DOM_CODIGO,DOM_VALOR_MOSTRAR,DOM_DESCRIPCION)  VALUES ('GRAL','Nacionalidad','TUN','TUNEZ','TUNEZ');
1 row inserted/updated/deleted
ij> INSERT INTO APP.DOMINIO (DOM_TIPO,DOM_CLAVE,DOM_CODIGO,DOM_VALOR_MOSTRAR,DOM_DESCRIPCION)  VALUES ('GRAL','Nacionalidad','TUR','TURQUIA','TURQUIA');
1 row inserted/updated/deleted
ij> INSERT INTO APP.DOMINIO (DOM_TIPO,DOM_CLAVE,DOM_CODIGO,DOM_VALOR_MOSTRAR,DOM_DESCRIPCION)  VALUES ('GRAL','Nacionalidad','UCR','UCRANIA','UCRANIA');
1 row inserted/updated/deleted
ij> INSERT INTO APP.DOMINIO (DOM_TIPO,DOM_CLAVE,DOM_CODIGO,DOM_VALOR_MOSTRAR,DOM_DESCRIPCION)  VALUES ('GRAL','Nacionalidad','UGA','UGANDA','UGANDA');
1 row inserted/updated/deleted
ij> INSERT INTO APP.DOMINIO (DOM_TIPO,DOM_CLAVE,DOM_CODIGO,DOM_VALOR_MOSTRAR,DOM_DESCRIPCION)  VALUES ('GRAL','Nacionalidad','URU','URUGUAY','URUGUAY');
1 row inserted/updated/deleted
ij> INSERT INTO APP.DOMINIO (DOM_TIPO,DOM_CLAVE,DOM_CODIGO,DOM_VALOR_MOSTRAR,DOM_DESCRIPCION)  VALUES ('GRAL','Nacionalidad','USA','ESTADOS UNIDOS','ESTADOS UNIDOS');
1 row inserted/updated/deleted
ij> INSERT INTO APP.DOMINIO (DOM_TIPO,DOM_CLAVE,DOM_CODIGO,DOM_VALOR_MOSTRAR,DOM_DESCRIPCION)  VALUES ('GRAL','Nacionalidad','VEN','VENEZUELA','VENEZUELA');
1 row inserted/updated/deleted
ij> INSERT INTO APP.DOMINIO (DOM_TIPO,DOM_CLAVE,DOM_CODIGO,DOM_VALOR_MOSTRAR,DOM_DESCRIPCION)  VALUES ('GRAL','Nacionalidad','YUG','YUGOSLAVIA','YUGOSLAVIA');
1 row inserted/updated/deleted
ij> INSERT INTO APP.DOMINIO (DOM_TIPO,DOM_CLAVE,DOM_CODIGO,DOM_VALOR_MOSTRAR,DOM_DESCRIPCION)  VALUES ('GRAL','Nacionalidad','ZAI','ZAIRE','ZAIRE');
1 row inserted/updated/deleted
ij> delete from APP.DOMINIO where DOM_CLAVE ='Grupo Sanguíneo';
8 rows inserted/updated/deleted
ij> INSERT INTO APP.DOMINIO (DOM_TIPO,DOM_CLAVE,DOM_CODIGO,DOM_VALOR_MOSTRAR,DOM_DESCRIPCION)  VALUES ('GRAL','Grupo Sanguíneo','1','0+','0+');
1 row inserted/updated/deleted
ij> INSERT INTO APP.DOMINIO (DOM_TIPO,DOM_CLAVE,DOM_CODIGO,DOM_VALOR_MOSTRAR,DOM_DESCRIPCION)  VALUES ('GRAL','Grupo Sanguíneo','2','0-','0-');
1 row inserted/updated/deleted
ij> INSERT INTO APP.DOMINIO (DOM_TIPO,DOM_CLAVE,DOM_CODIGO,DOM_VALOR_MOSTRAR,DOM_DESCRIPCION)  VALUES ('GRAL','Grupo Sanguíneo','3','A+','A+');
1 row inserted/updated/deleted
ij> INSERT INTO APP.DOMINIO (DOM_TIPO,DOM_CLAVE,DOM_CODIGO,DOM_VALOR_MOSTRAR,DOM_DESCRIPCION)  VALUES ('GRAL','Grupo Sanguíneo','4','A-','A-');
1 row inserted/updated/deleted
ij> INSERT INTO APP.DOMINIO (DOM_TIPO,DOM_CLAVE,DOM_CODIGO,DOM_VALOR_MOSTRAR,DOM_DESCRIPCION)  VALUES ('GRAL','Grupo Sanguíneo','5','AB+','AB+');
1 row inserted/updated/deleted
ij> INSERT INTO APP.DOMINIO (DOM_TIPO,DOM_CLAVE,DOM_CODIGO,DOM_VALOR_MOSTRAR,DOM_DESCRIPCION)  VALUES ('GRAL','Grupo Sanguíneo','6','AB-','AB-');
1 row inserted/updated/deleted
ij> INSERT INTO APP.DOMINIO (DOM_TIPO,DOM_CLAVE,DOM_CODIGO,DOM_VALOR_MOSTRAR,DOM_DESCRIPCION)  VALUES ('GRAL','Grupo Sanguíneo','7','B+','B+');
1 row inserted/updated/deleted
ij> INSERT INTO APP.DOMINIO (DOM_TIPO,DOM_CLAVE,DOM_CODIGO,DOM_VALOR_MOSTRAR,DOM_DESCRIPCION)  VALUES ('GRAL','Grupo Sanguíneo','8','B-','B-');
1 row inserted/updated/deleted
ij> update APP.PERSONA
 	set PER_SEXO= CASE WHEN upper(PER_SEXO)='H' THEN '1'
 					   WHEN upper(PER_SEXO)='M' THEN '2'
 					   ELSE PER_SEXO
 				  END,
 	PER_DONANTE= CASE WHEN upper(PER_DONANTE)='SI' THEN 'S'
 					  WHEN upper(PER_DONANTE)='NO' THEN 'N'
 					  ELSE PER_DONANTE  
 				 END,
 	PER_GRUPO_SANGUINEO= CASE WHEN upper(PER_GRUPO_SANGUINEO)='0 +' THEN '1' 
 							  WHEN upper(PER_GRUPO_SANGUINEO)='0 -' THEN '2'
 							  WHEN upper(PER_GRUPO_SANGUINEO)='A +' THEN '3'
 							  WHEN upper(PER_GRUPO_SANGUINEO)='A -' THEN '4'
 							  WHEN upper(PER_GRUPO_SANGUINEO)='AB +' THEN '5'
 							  WHEN upper(PER_GRUPO_SANGUINEO)='AB -' THEN '6'
 							  WHEN upper(PER_GRUPO_SANGUINEO)='B +' THEN '7'
 							  WHEN upper(PER_GRUPO_SANGUINEO)='B -' THEN '8'
 							  ELSE PER_GRUPO_SANGUINEO
 					     END,
 	PER_NACIONALIDAD = (case when (SELECT DOM_CODIGO 
							            	FROM APP.DOMINIO 
							              WHERE DOM_CLAVE= 'Nacionalidad'
							                AND DOM_CODIGO=PER_NACIONALIDAD) is null then 'ARG'
							          else (SELECT DOM_CODIGO 
							            	FROM APP.DOMINIO 
							              WHERE DOM_CLAVE= 'Nacionalidad'
							                AND DOM_CODIGO=PER_NACIONALIDAD) end),
 	PER_TIPO_DOC=(case when (SELECT DOM_CODIGO 
							            	FROM APP.DOMINIO 
							              WHERE DOM_CLAVE= 'Tipo Documento'
							                AND DOM_CODIGO=PER_TIPO_DOC) is null then 'DNI-DNI'
							          else (SELECT DOM_CODIGO 
							            	FROM APP.DOMINIO 
							              WHERE DOM_CLAVE= 'Tipo Documento'
							                AND DOM_CODIGO=PER_TIPO_DOC) end)
 	;
4089 rows inserted/updated/deleted
ij> 